{"C:\\Users\\Admin\\Desktop\\projects\\blogs_and_posts_hw10_mongoose\\src\\index.ts": {"path":"C:\\Users\\Admin\\Desktop\\projects\\blogs_and_posts_hw10_mongoose\\src\\index.ts","statementMap":{"0":{"start":{"line":3,"column":0},"end":{"line":3,"column":29}},"1":{"start":{"line":4,"column":0},"end":{"line":4,"column":49}},"2":{"start":{"line":5,"column":0},"end":{"line":5,"column":49}},"3":{"start":{"line":6,"column":0},"end":{"line":6,"column":49}},"4":{"start":{"line":7,"column":0},"end":{"line":7,"column":53}},"5":{"start":{"line":8,"column":0},"end":{"line":8,"column":40}},"6":{"start":{"line":9,"column":0},"end":{"line":9,"column":47}},"7":{"start":{"line":10,"column":0},"end":{"line":10,"column":55}},"8":{"start":{"line":11,"column":0},"end":{"line":11,"column":40}},"9":{"start":{"line":12,"column":0},"end":{"line":12,"column":55}},"10":{"start":{"line":14,"column":19},"end":{"line":14,"column":41}},"11":{"start":{"line":17,"column":13},"end":{"line":17,"column":null}},"12":{"start":{"line":18,"column":0},"end":{"line":18,"column":null}},"13":{"start":{"line":19,"column":13},"end":{"line":19,"column":37}},"14":{"start":{"line":22,"column":0},"end":{"line":22,"column":27}},"15":{"start":{"line":23,"column":0},"end":{"line":23,"column":null}},"16":{"start":{"line":25,"column":0},"end":{"line":25,"column":null}},"17":{"start":{"line":26,"column":0},"end":{"line":26,"column":null}},"18":{"start":{"line":27,"column":0},"end":{"line":27,"column":null}},"19":{"start":{"line":28,"column":0},"end":{"line":28,"column":null}},"20":{"start":{"line":29,"column":0},"end":{"line":29,"column":null}},"21":{"start":{"line":30,"column":0},"end":{"line":30,"column":null}},"22":{"start":{"line":31,"column":0},"end":{"line":31,"column":null}},"23":{"start":{"line":33,"column":17},"end":{"line":38,"column":null}},"24":{"start":{"line":33,"column":28},"end":{"line":38,"column":null}},"25":{"start":{"line":34,"column":4},"end":{"line":34,"column":null}},"26":{"start":{"line":35,"column":4},"end":{"line":37,"column":null}},"27":{"start":{"line":36,"column":8},"end":{"line":36,"column":null}},"28":{"start":{"line":40,"column":0},"end":{"line":40,"column":null}}},"fnMap":{"0":{"name":"(anonymous_8)","decl":{"start":{"line":33,"column":17},"end":{"line":33,"column":26}},"loc":{"start":{"line":33,"column":28},"end":{"line":38,"column":null}}},"1":{"name":"(anonymous_9)","decl":{"start":{"line":33,"column":28},"end":{"line":33,"column":null}},"loc":{"start":{"line":33,"column":28},"end":{"line":38,"column":1}}},"2":{"name":"(anonymous_10)","decl":{"start":{"line":35,"column":21},"end":{"line":35,"column":24}},"loc":{"start":{"line":35,"column":26},"end":{"line":37,"column":5}}}},"branchMap":{"0":{"loc":{"start":{"line":19,"column":13},"end":{"line":19,"column":37}},"type":"binary-expr","locations":[{"start":{"line":19,"column":13},"end":{"line":19,"column":29}},{"start":{"line":19,"column":33},"end":{"line":19,"column":37}}]}},"s":{"0":1,"1":1,"2":1,"3":1,"4":1,"5":1,"6":1,"7":1,"8":1,"9":1,"10":1,"11":1,"12":1,"13":1,"14":1,"15":1,"16":1,"17":1,"18":1,"19":1,"20":1,"21":1,"22":1,"23":1,"24":1,"25":1,"26":0,"27":0,"28":1},"f":{"0":1,"1":1,"2":0},"b":{"0":[1,1]}}
,"C:\\Users\\Admin\\Desktop\\projects\\blogs_and_posts_hw10_mongoose\\src\\settings.ts": {"path":"C:\\Users\\Admin\\Desktop\\projects\\blogs_and_posts_hw10_mongoose\\src\\settings.ts","statementMap":{"0":{"start":{"line":1,"column":13},"end":{"line":3,"column":null}}},"fnMap":{},"branchMap":{"0":{"loc":{"start":{"line":2,"column":16},"end":{"line":2,"column":47}},"type":"binary-expr","locations":[{"start":{"line":2,"column":16},"end":{"line":2,"column":38}},{"start":{"line":2,"column":42},"end":{"line":2,"column":47}}]}},"s":{"0":1},"f":{},"b":{"0":[1,1]}}
,"C:\\Users\\Admin\\Desktop\\projects\\blogs_and_posts_hw10_mongoose\\src\\adapters\\email-adapter.ts": {"path":"C:\\Users\\Admin\\Desktop\\projects\\blogs_and_posts_hw10_mongoose\\src\\adapters\\email-adapter.ts","statementMap":{"0":{"start":{"line":1,"column":0},"end":{"line":1,"column":36}},"1":{"start":{"line":2,"column":0},"end":{"line":2,"column":32}},"2":{"start":{"line":3,"column":0},"end":{"line":3,"column":null}},"3":{"start":{"line":5,"column":18},"end":{"line":5,"column":39}},"4":{"start":{"line":6,"column":22},"end":{"line":6,"column":47}},"5":{"start":{"line":7,"column":0},"end":{"line":9,"column":null}},"6":{"start":{"line":8,"column":4},"end":{"line":8,"column":null}},"7":{"start":{"line":11,"column":13},"end":{"line":27,"column":null}},"8":{"start":{"line":13,"column":24},"end":{"line":19,"column":10}},"9":{"start":{"line":20,"column":19},"end":{"line":25,"column":10}}},"fnMap":{"0":{"name":"(anonymous_14)","decl":{"start":{"line":12,"column":10},"end":{"line":12,"column":19}},"loc":{"start":{"line":12,"column":67},"end":{"line":26,"column":null}}}},"branchMap":{"0":{"loc":{"start":{"line":7,"column":0},"end":{"line":9,"column":null}},"type":"if","locations":[{"start":{"line":7,"column":0},"end":{"line":9,"column":null}}]},"1":{"loc":{"start":{"line":7,"column":4},"end":{"line":7,"column":32}},"type":"binary-expr","locations":[{"start":{"line":7,"column":4},"end":{"line":7,"column":14}},{"start":{"line":7,"column":18},"end":{"line":7,"column":32}}]}},"s":{"0":1,"1":1,"2":1,"3":1,"4":1,"5":1,"6":0,"7":1,"8":0,"9":0},"f":{"0":0},"b":{"0":[0],"1":[1,1]}}
,"C:\\Users\\Admin\\Desktop\\projects\\blogs_and_posts_hw10_mongoose\\src\\application\\functions.ts": {"path":"C:\\Users\\Admin\\Desktop\\projects\\blogs_and_posts_hw10_mongoose\\src\\application\\functions.ts","statementMap":{"0":{"start":{"line":2,"column":4},"end":{"line":2,"column":47}},"1":{"start":{"line":1,"column":0},"end":{"line":1,"column":16}},"2":{"start":{"line":6,"column":4},"end":{"line":6,"column":43}},"3":{"start":{"line":5,"column":0},"end":{"line":5,"column":16}}},"fnMap":{"0":{"name":"sort","decl":{"start":{"line":1,"column":16},"end":{"line":1,"column":20}},"loc":{"start":{"line":1,"column":42},"end":{"line":3,"column":1}}},"1":{"name":"skipped","decl":{"start":{"line":5,"column":16},"end":{"line":5,"column":23}},"loc":{"start":{"line":5,"column":60},"end":{"line":7,"column":1}}}},"branchMap":{"0":{"loc":{"start":{"line":2,"column":11},"end":{"line":2,"column":46}},"type":"cond-expr","locations":[{"start":{"line":2,"column":40},"end":{"line":2,"column":42}},{"start":{"line":2,"column":45},"end":{"line":2,"column":46}}]}},"s":{"0":0,"1":1,"2":0,"3":1},"f":{"0":0,"1":0},"b":{"0":[0,0]}}
,"C:\\Users\\Admin\\Desktop\\projects\\blogs_and_posts_hw10_mongoose\\src\\application\\jwt-service.ts": {"path":"C:\\Users\\Admin\\Desktop\\projects\\blogs_and_posts_hw10_mongoose\\src\\application\\jwt-service.ts","statementMap":{"0":{"start":{"line":3,"column":0},"end":{"line":3,"column":30}},"1":{"start":{"line":4,"column":0},"end":{"line":4,"column":37}},"2":{"start":{"line":7,"column":13},"end":{"line":50,"column":null}},"3":{"start":{"line":9,"column":22},"end":{"line":9,"column":89}},"4":{"start":{"line":10,"column":8},"end":{"line":10,"column":null}},"5":{"start":{"line":14,"column":30},"end":{"line":14,"column":99}},"6":{"start":{"line":15,"column":4},"end":{"line":15,"column":null}},"7":{"start":{"line":19,"column":8},"end":{"line":26,"column":null}},"8":{"start":{"line":20,"column":32},"end":{"line":20,"column":70}},"9":{"start":{"line":22,"column":12},"end":{"line":22,"column":null}},"10":{"start":{"line":25,"column":12},"end":{"line":25,"column":null}},"11":{"start":{"line":30,"column":8},"end":{"line":36,"column":null}},"12":{"start":{"line":31,"column":32},"end":{"line":31,"column":70}},"13":{"start":{"line":32,"column":12},"end":{"line":32,"column":null}},"14":{"start":{"line":35,"column":12},"end":{"line":35,"column":null}},"15":{"start":{"line":40,"column":29},"end":{"line":40,"column":53}},"16":{"start":{"line":41,"column":8},"end":{"line":41,"column":null}},"17":{"start":{"line":45,"column":29},"end":{"line":45,"column":53}},"18":{"start":{"line":46,"column":8},"end":{"line":46,"column":null}}},"fnMap":{"0":{"name":"(anonymous_8)","decl":{"start":{"line":8,"column":10},"end":{"line":8,"column":19}},"loc":{"start":{"line":8,"column":36},"end":{"line":11,"column":null}}},"1":{"name":"(anonymous_10)","decl":{"start":{"line":13,"column":10},"end":{"line":13,"column":26}},"loc":{"start":{"line":13,"column":63},"end":{"line":16,"column":null}}},"2":{"name":"(anonymous_12)","decl":{"start":{"line":18,"column":10},"end":{"line":18,"column":35}},"loc":{"start":{"line":18,"column":49},"end":{"line":27,"column":null}}},"3":{"name":"(anonymous_14)","decl":{"start":{"line":29,"column":10},"end":{"line":29,"column":37}},"loc":{"start":{"line":29,"column":51},"end":{"line":37,"column":null}}},"4":{"name":"(anonymous_16)","decl":{"start":{"line":39,"column":10},"end":{"line":39,"column":43}},"loc":{"start":{"line":39,"column":65},"end":{"line":42,"column":null}}},"5":{"name":"(anonymous_18)","decl":{"start":{"line":44,"column":10},"end":{"line":44,"column":43}},"loc":{"start":{"line":44,"column":65},"end":{"line":47,"column":null}}}},"branchMap":{},"s":{"0":1,"1":1,"2":1,"3":0,"4":0,"5":0,"6":0,"7":0,"8":0,"9":0,"10":0,"11":0,"12":0,"13":0,"14":0,"15":0,"16":0,"17":0,"18":0},"f":{"0":0,"1":0,"2":0,"3":0,"4":0,"5":0},"b":{}}
,"C:\\Users\\Admin\\Desktop\\projects\\blogs_and_posts_hw10_mongoose\\src\\domain\\auth-service.ts": {"path":"C:\\Users\\Admin\\Desktop\\projects\\blogs_and_posts_hw10_mongoose\\src\\domain\\auth-service.ts","statementMap":{"0":{"start":{"line":1,"column":0},"end":{"line":1,"column":33}},"1":{"start":{"line":3,"column":0},"end":{"line":3,"column":65}},"2":{"start":{"line":4,"column":0},"end":{"line":4,"column":32}},"3":{"start":{"line":5,"column":0},"end":{"line":5,"column":32}},"4":{"start":{"line":6,"column":0},"end":{"line":6,"column":30}},"5":{"start":{"line":7,"column":0},"end":{"line":7,"column":55}},"6":{"start":{"line":8,"column":0},"end":{"line":8,"column":45}},"7":{"start":{"line":9,"column":0},"end":{"line":9,"column":54}},"8":{"start":{"line":10,"column":0},"end":{"line":10,"column":47}},"9":{"start":{"line":11,"column":0},"end":{"line":11,"column":71}},"10":{"start":{"line":19,"column":22},"end":{"line":28,"column":null}},"11":{"start":{"line":21,"column":21},"end":{"line":21,"column":45}},"12":{"start":{"line":22,"column":29},"end":{"line":22,"column":62}},"13":{"start":{"line":24,"column":8},"end":{"line":26,"column":null}},"14":{"start":{"line":30,"column":13},"end":{"line":178,"column":null}},"15":{"start":{"line":34,"column":37},"end":{"line":34,"column":79}},"16":{"start":{"line":37,"column":36},"end":{"line":52,"column":null}},"17":{"start":{"line":53,"column":28},"end":{"line":53,"column":69}},"18":{"start":{"line":55,"column":8},"end":{"line":61,"column":null}},"19":{"start":{"line":56,"column":12},"end":{"line":56,"column":null}},"20":{"start":{"line":59,"column":12},"end":{"line":59,"column":null}},"21":{"start":{"line":60,"column":12},"end":{"line":60,"column":null}},"22":{"start":{"line":62,"column":8},"end":{"line":62,"column":null}},"23":{"start":{"line":66,"column":19},"end":{"line":66,"column":72}},"24":{"start":{"line":67,"column":8},"end":{"line":67,"column":null}},"25":{"start":{"line":67,"column":19},"end":{"line":67,"column":null}},"26":{"start":{"line":68,"column":8},"end":{"line":71,"column":null}},"27":{"start":{"line":69,"column":25},"end":{"line":69,"column":71}},"28":{"start":{"line":70,"column":12},"end":{"line":70,"column":null}},"29":{"start":{"line":72,"column":8},"end":{"line":72,"column":null}},"30":{"start":{"line":76,"column":40},"end":{"line":83,"column":null}},"31":{"start":{"line":84,"column":8},"end":{"line":89,"column":null}},"32":{"start":{"line":85,"column":12},"end":{"line":85,"column":null}},"33":{"start":{"line":88,"column":12},"end":{"line":88,"column":null}},"34":{"start":{"line":90,"column":21},"end":{"line":90,"column":91}},"35":{"start":{"line":91,"column":8},"end":{"line":91,"column":null}},"36":{"start":{"line":95,"column":37},"end":{"line":102,"column":null}},"37":{"start":{"line":103,"column":8},"end":{"line":108,"column":null}},"38":{"start":{"line":104,"column":12},"end":{"line":104,"column":null}},"39":{"start":{"line":107,"column":12},"end":{"line":107,"column":null}},"40":{"start":{"line":109,"column":21},"end":{"line":109,"column":88}},"41":{"start":{"line":110,"column":8},"end":{"line":110,"column":null}},"42":{"start":{"line":114,"column":19},"end":{"line":114,"column":72}},"43":{"start":{"line":115,"column":8},"end":{"line":115,"column":22}},"44":{"start":{"line":119,"column":19},"end":{"line":119,"column":84}},"45":{"start":{"line":120,"column":8},"end":{"line":120,"column":null}},"46":{"start":{"line":120,"column":19},"end":{"line":120,"column":null}},"47":{"start":{"line":121,"column":8},"end":{"line":126,"column":null}},"48":{"start":{"line":122,"column":33},"end":{"line":122,"column":57}},"49":{"start":{"line":123,"column":33},"end":{"line":123,"column":84}},"50":{"start":{"line":124,"column":25},"end":{"line":124,"column":99}},"51":{"start":{"line":125,"column":12},"end":{"line":125,"column":null}},"52":{"start":{"line":127,"column":8},"end":{"line":127,"column":null}},"53":{"start":{"line":131,"column":22},"end":{"line":131,"column":79}},"54":{"start":{"line":132,"column":8},"end":{"line":132,"column":25}},"55":{"start":{"line":136,"column":21},"end":{"line":136,"column":54}},"56":{"start":{"line":137,"column":8},"end":{"line":137,"column":null}},"57":{"start":{"line":146,"column":25},"end":{"line":146,"column":39}},"58":{"start":{"line":147,"column":28},"end":{"line":147,"column":62}},"59":{"start":{"line":148,"column":29},"end":{"line":148,"column":80}},"60":{"start":{"line":149,"column":31},"end":{"line":149,"column":95}},"61":{"start":{"line":150,"column":31},"end":{"line":150,"column":95}},"62":{"start":{"line":151,"column":45},"end":{"line":158,"column":null}},"63":{"start":{"line":159,"column":8},"end":{"line":159,"column":null}},"64":{"start":{"line":160,"column":8},"end":{"line":160,"column":null}},"65":{"start":{"line":164,"column":32},"end":{"line":164,"column":90}},"66":{"start":{"line":165,"column":8},"end":{"line":165,"column":null}},"67":{"start":{"line":169,"column":25},"end":{"line":169,"column":83}},"68":{"start":{"line":170,"column":23},"end":{"line":170,"column":79}},"69":{"start":{"line":171,"column":28},"end":{"line":171,"column":62}},"70":{"start":{"line":172,"column":34},"end":{"line":172,"column":85}},"71":{"start":{"line":173,"column":31},"end":{"line":173,"column":100}},"72":{"start":{"line":174,"column":31},"end":{"line":174,"column":100}},"73":{"start":{"line":175,"column":8},"end":{"line":175,"column":null}},"74":{"start":{"line":176,"column":8},"end":{"line":176,"column":null}}},"fnMap":{"0":{"name":"(anonymous_14)","decl":{"start":{"line":20,"column":10},"end":{"line":20,"column":22}},"loc":{"start":{"line":20,"column":39},"end":{"line":27,"column":null}}},"1":{"name":"(anonymous_16)","decl":{"start":{"line":32,"column":10},"end":{"line":32,"column":22}},"loc":{"start":{"line":32,"column":69},"end":{"line":63,"column":null}}},"2":{"name":"(anonymous_18)","decl":{"start":{"line":65,"column":10},"end":{"line":65,"column":22}},"loc":{"start":{"line":65,"column":35},"end":{"line":73,"column":null}}},"3":{"name":"(anonymous_20)","decl":{"start":{"line":75,"column":10},"end":{"line":75,"column":36}},"loc":{"start":{"line":75,"column":50},"end":{"line":92,"column":null}}},"4":{"name":"(anonymous_22)","decl":{"start":{"line":94,"column":10},"end":{"line":94,"column":26}},"loc":{"start":{"line":94,"column":40},"end":{"line":111,"column":null}}},"5":{"name":"(anonymous_24)","decl":{"start":{"line":113,"column":10},"end":{"line":113,"column":33}},"loc":{"start":{"line":113,"column":46},"end":{"line":116,"column":null}}},"6":{"name":"(anonymous_26)","decl":{"start":{"line":118,"column":10},"end":{"line":118,"column":24}},"loc":{"start":{"line":118,"column":66},"end":{"line":128,"column":null}}},"7":{"name":"(anonymous_28)","decl":{"start":{"line":130,"column":10},"end":{"line":130,"column":29}},"loc":{"start":{"line":130,"column":42},"end":{"line":133,"column":null}}},"8":{"name":"(anonymous_30)","decl":{"start":{"line":135,"column":10},"end":{"line":135,"column":23}},"loc":{"start":{"line":135,"column":54},"end":{"line":138,"column":null}}},"9":{"name":"(anonymous_32)","decl":{"start":{"line":145,"column":10},"end":{"line":145,"column":15}},"loc":{"start":{"line":145,"column":63},"end":{"line":161,"column":null}}},"10":{"name":"(anonymous_34)","decl":{"start":{"line":163,"column":10},"end":{"line":163,"column":16}},"loc":{"start":{"line":163,"column":49},"end":{"line":166,"column":null}}},"11":{"name":"(anonymous_36)","decl":{"start":{"line":168,"column":10},"end":{"line":168,"column":25}},"loc":{"start":{"line":168,"column":46},"end":{"line":177,"column":null}}}},"branchMap":{"0":{"loc":{"start":{"line":67,"column":8},"end":{"line":67,"column":null}},"type":"if","locations":[{"start":{"line":67,"column":8},"end":{"line":67,"column":null}}]},"1":{"loc":{"start":{"line":68,"column":8},"end":{"line":71,"column":null}},"type":"if","locations":[{"start":{"line":68,"column":8},"end":{"line":71,"column":null}}]},"2":{"loc":{"start":{"line":120,"column":8},"end":{"line":120,"column":null}},"type":"if","locations":[{"start":{"line":120,"column":8},"end":{"line":120,"column":null}}]},"3":{"loc":{"start":{"line":121,"column":8},"end":{"line":126,"column":null}},"type":"if","locations":[{"start":{"line":121,"column":8},"end":{"line":126,"column":null}}]}},"s":{"0":1,"1":1,"2":1,"3":1,"4":1,"5":1,"6":1,"7":1,"8":1,"9":1,"10":1,"11":0,"12":0,"13":0,"14":1,"15":0,"16":0,"17":0,"18":0,"19":0,"20":0,"21":0,"22":0,"23":0,"24":0,"25":0,"26":0,"27":0,"28":0,"29":0,"30":0,"31":0,"32":0,"33":0,"34":0,"35":0,"36":0,"37":0,"38":0,"39":0,"40":0,"41":0,"42":0,"43":0,"44":0,"45":0,"46":0,"47":0,"48":0,"49":0,"50":0,"51":0,"52":0,"53":0,"54":0,"55":0,"56":0,"57":0,"58":0,"59":0,"60":0,"61":0,"62":0,"63":0,"64":0,"65":0,"66":0,"67":0,"68":0,"69":0,"70":0,"71":0,"72":0,"73":0,"74":0},"f":{"0":0,"1":0,"2":0,"3":0,"4":0,"5":0,"6":0,"7":0,"8":0,"9":0,"10":0,"11":0},"b":{"0":[0],"1":[0],"2":[0],"3":[0]}}
,"C:\\Users\\Admin\\Desktop\\projects\\blogs_and_posts_hw10_mongoose\\src\\domain\\blogs-service.ts": {"path":"C:\\Users\\Admin\\Desktop\\projects\\blogs_and_posts_hw10_mongoose\\src\\domain\\blogs-service.ts","statementMap":{"0":{"start":{"line":1,"column":0},"end":{"line":1,"column":65}},"1":{"start":{"line":2,"column":0},"end":{"line":2,"column":33}},"2":{"start":{"line":7,"column":13},"end":{"line":33,"column":null}},"3":{"start":{"line":10,"column":36},"end":{"line":17,"column":null}},"4":{"start":{"line":18,"column":31},"end":{"line":18,"column":72}},"5":{"start":{"line":19,"column":8},"end":{"line":19,"column":null}},"6":{"start":{"line":23,"column":8},"end":{"line":23,"column":null}},"7":{"start":{"line":27,"column":8},"end":{"line":27,"column":null}},"8":{"start":{"line":31,"column":8},"end":{"line":31,"column":null}}},"fnMap":{"0":{"name":"(anonymous_7)","decl":{"start":{"line":9,"column":10},"end":{"line":9,"column":20}},"loc":{"start":{"line":9,"column":74},"end":{"line":20,"column":null}}},"1":{"name":"(anonymous_9)","decl":{"start":{"line":22,"column":10},"end":{"line":22,"column":20}},"loc":{"start":{"line":22,"column":86},"end":{"line":24,"column":null}}},"2":{"name":"(anonymous_11)","decl":{"start":{"line":26,"column":10},"end":{"line":26,"column":20}},"loc":{"start":{"line":26,"column":31},"end":{"line":28,"column":null}}},"3":{"name":"(anonymous_13)","decl":{"start":{"line":30,"column":10},"end":{"line":30,"column":24}},"loc":{"start":{"line":30,"column":24},"end":{"line":32,"column":null}}}},"branchMap":{},"s":{"0":1,"1":1,"2":1,"3":0,"4":0,"5":0,"6":0,"7":0,"8":0},"f":{"0":0,"1":0,"2":0,"3":0},"b":{}}
,"C:\\Users\\Admin\\Desktop\\projects\\blogs_and_posts_hw10_mongoose\\src\\domain\\check-service.ts": {"path":"C:\\Users\\Admin\\Desktop\\projects\\blogs_and_posts_hw10_mongoose\\src\\domain\\check-service.ts","statementMap":{"0":{"start":{"line":1,"column":0},"end":{"line":1,"column":70}},"1":{"start":{"line":4,"column":13},"end":{"line":9,"column":null}},"2":{"start":{"line":6,"column":21},"end":{"line":6,"column":61}},"3":{"start":{"line":7,"column":8},"end":{"line":7,"column":22}}},"fnMap":{"0":{"name":"(anonymous_7)","decl":{"start":{"line":5,"column":10},"end":{"line":5,"column":21}},"loc":{"start":{"line":5,"column":36},"end":{"line":8,"column":null}}}},"branchMap":{},"s":{"0":1,"1":1,"2":0,"3":0},"f":{"0":0},"b":{}}
,"C:\\Users\\Admin\\Desktop\\projects\\blogs_and_posts_hw10_mongoose\\src\\domain\\comment-service.ts": {"path":"C:\\Users\\Admin\\Desktop\\projects\\blogs_and_posts_hw10_mongoose\\src\\domain\\comment-service.ts","statementMap":{"0":{"start":{"line":1,"column":0},"end":{"line":1,"column":33}},"1":{"start":{"line":3,"column":0},"end":{"line":3,"column":71}},"2":{"start":{"line":8,"column":0},"end":{"line":8,"column":70}},"3":{"start":{"line":10,"column":13},"end":{"line":40,"column":null}},"4":{"start":{"line":13,"column":21},"end":{"line":13,"column":61}},"5":{"start":{"line":14,"column":42},"end":{"line":22,"column":null}},"6":{"start":{"line":23,"column":31},"end":{"line":23,"column":81}},"7":{"start":{"line":24,"column":8},"end":{"line":24,"column":null}},"8":{"start":{"line":30,"column":9},"end":{"line":30,"column":null}},"9":{"start":{"line":34,"column":8},"end":{"line":34,"column":null}},"10":{"start":{"line":38,"column":8},"end":{"line":38,"column":null}}},"fnMap":{"0":{"name":"(anonymous_7)","decl":{"start":{"line":12,"column":10},"end":{"line":12,"column":23}},"loc":{"start":{"line":12,"column":71},"end":{"line":25,"column":null}}},"1":{"name":"(anonymous_9)","decl":{"start":{"line":27,"column":10},"end":{"line":27,"column":23}},"loc":{"start":{"line":29,"column":23},"end":{"line":31,"column":null}}},"2":{"name":"(anonymous_11)","decl":{"start":{"line":33,"column":10},"end":{"line":33,"column":23}},"loc":{"start":{"line":33,"column":34},"end":{"line":35,"column":null}}},"3":{"name":"(anonymous_13)","decl":{"start":{"line":37,"column":10},"end":{"line":37,"column":27}},"loc":{"start":{"line":37,"column":27},"end":{"line":39,"column":null}}}},"branchMap":{},"s":{"0":1,"1":1,"2":1,"3":1,"4":0,"5":0,"6":0,"7":0,"8":0,"9":0,"10":0},"f":{"0":0,"1":0,"2":0,"3":0},"b":{}}
,"C:\\Users\\Admin\\Desktop\\projects\\blogs_and_posts_hw10_mongoose\\src\\domain\\device-service.ts": {"path":"C:\\Users\\Admin\\Desktop\\projects\\blogs_and_posts_hw10_mongoose\\src\\domain\\device-service.ts","statementMap":{"0":{"start":{"line":2,"column":0},"end":{"line":2,"column":71}},"1":{"start":{"line":7,"column":13},"end":{"line":44,"column":null}},"2":{"start":{"line":10,"column":27},"end":{"line":10,"column":76}},"3":{"start":{"line":11,"column":8},"end":{"line":11,"column":null}},"4":{"start":{"line":15,"column":31},"end":{"line":15,"column":103}},"5":{"start":{"line":16,"column":8},"end":{"line":16,"column":null}},"6":{"start":{"line":20,"column":30},"end":{"line":20,"column":89}},"7":{"start":{"line":21,"column":8},"end":{"line":21,"column":null}},"8":{"start":{"line":25,"column":28},"end":{"line":25,"column":94}},"9":{"start":{"line":26,"column":8},"end":{"line":26,"column":null}},"10":{"start":{"line":30,"column":23},"end":{"line":30,"column":89}},"11":{"start":{"line":31,"column":8},"end":{"line":33,"column":null}},"12":{"start":{"line":32,"column":12},"end":{"line":32,"column":null}},"13":{"start":{"line":33,"column":15},"end":{"line":33,"column":null}},"14":{"start":{"line":37,"column":20},"end":{"line":37,"column":64}},"15":{"start":{"line":38,"column":8},"end":{"line":38,"column":25}},"16":{"start":{"line":42,"column":8},"end":{"line":42,"column":null}}},"fnMap":{"0":{"name":"(anonymous_7)","decl":{"start":{"line":9,"column":10},"end":{"line":9,"column":30}},"loc":{"start":{"line":9,"column":45},"end":{"line":12,"column":null}}},"1":{"name":"(anonymous_9)","decl":{"start":{"line":14,"column":10},"end":{"line":14,"column":43}},"loc":{"start":{"line":14,"column":76},"end":{"line":17,"column":null}}},"2":{"name":"(anonymous_11)","decl":{"start":{"line":19,"column":10},"end":{"line":19,"column":30}},"loc":{"start":{"line":19,"column":63},"end":{"line":22,"column":null}}},"3":{"name":"(anonymous_13)","decl":{"start":{"line":24,"column":10},"end":{"line":24,"column":26}},"loc":{"start":{"line":24,"column":59},"end":{"line":27,"column":null}}},"4":{"name":"(anonymous_15)","decl":{"start":{"line":29,"column":10},"end":{"line":29,"column":32}},"loc":{"start":{"line":29,"column":65},"end":{"line":34,"column":null}}},"5":{"name":"(anonymous_17)","decl":{"start":{"line":36,"column":10},"end":{"line":36,"column":23}},"loc":{"start":{"line":36,"column":40},"end":{"line":39,"column":null}}},"6":{"name":"(anonymous_19)","decl":{"start":{"line":41,"column":10},"end":{"line":41,"column":26}},"loc":{"start":{"line":41,"column":26},"end":{"line":43,"column":null}}}},"branchMap":{"0":{"loc":{"start":{"line":31,"column":8},"end":{"line":33,"column":null}},"type":"if","locations":[{"start":{"line":31,"column":8},"end":{"line":33,"column":null}},{"start":{"line":33,"column":15},"end":{"line":33,"column":null}}]}},"s":{"0":1,"1":1,"2":0,"3":0,"4":0,"5":0,"6":0,"7":0,"8":0,"9":0,"10":0,"11":0,"12":0,"13":0,"14":0,"15":0,"16":0},"f":{"0":0,"1":0,"2":0,"3":0,"4":0,"5":0,"6":0},"b":{"0":[0,0]}}
,"C:\\Users\\Admin\\Desktop\\projects\\blogs_and_posts_hw10_mongoose\\src\\domain\\posts-service.ts": {"path":"C:\\Users\\Admin\\Desktop\\projects\\blogs_and_posts_hw10_mongoose\\src\\domain\\posts-service.ts","statementMap":{"0":{"start":{"line":1,"column":0},"end":{"line":1,"column":65}},"1":{"start":{"line":2,"column":0},"end":{"line":2,"column":33}},"2":{"start":{"line":7,"column":0},"end":{"line":7,"column":69}},"3":{"start":{"line":10,"column":13},"end":{"line":68,"column":null}},"4":{"start":{"line":17,"column":24},"end":{"line":17,"column":64}},"5":{"start":{"line":18,"column":25},"end":{"line":18,"column":40}},"6":{"start":{"line":19,"column":36},"end":{"line":27,"column":null}},"7":{"start":{"line":28,"column":28},"end":{"line":28,"column":69}},"8":{"start":{"line":29,"column":8},"end":{"line":29,"column":null}},"9":{"start":{"line":37,"column":24},"end":{"line":37,"column":64}},"10":{"start":{"line":38,"column":26},"end":{"line":38,"column":41}},"11":{"start":{"line":39,"column":36},"end":{"line":47,"column":null}},"12":{"start":{"line":48,"column":28},"end":{"line":48,"column":69}},"13":{"start":{"line":49,"column":8},"end":{"line":49,"column":null}},"14":{"start":{"line":58,"column":8},"end":{"line":58,"column":null}},"15":{"start":{"line":62,"column":8},"end":{"line":62,"column":null}},"16":{"start":{"line":66,"column":8},"end":{"line":66,"column":null}}},"fnMap":{"0":{"name":"(anonymous_7)","decl":{"start":{"line":12,"column":10},"end":{"line":12,"column":20}},"loc":{"start":{"line":16,"column":22},"end":{"line":30,"column":null}}},"1":{"name":"(anonymous_9)","decl":{"start":{"line":32,"column":10},"end":{"line":32,"column":28}},"loc":{"start":{"line":36,"column":22},"end":{"line":50,"column":null}}},"2":{"name":"(anonymous_11)","decl":{"start":{"line":52,"column":10},"end":{"line":52,"column":20}},"loc":{"start":{"line":57,"column":22},"end":{"line":59,"column":null}}},"3":{"name":"(anonymous_13)","decl":{"start":{"line":61,"column":10},"end":{"line":61,"column":20}},"loc":{"start":{"line":61,"column":31},"end":{"line":63,"column":null}}},"4":{"name":"(anonymous_15)","decl":{"start":{"line":65,"column":10},"end":{"line":65,"column":24}},"loc":{"start":{"line":65,"column":24},"end":{"line":67,"column":null}}}},"branchMap":{},"s":{"0":1,"1":1,"2":1,"3":1,"4":0,"5":0,"6":0,"7":0,"8":0,"9":0,"10":0,"11":0,"12":0,"13":0,"14":0,"15":0,"16":0},"f":{"0":0,"1":0,"2":0,"3":0,"4":0},"b":{}}
,"C:\\Users\\Admin\\Desktop\\projects\\blogs_and_posts_hw10_mongoose\\src\\domain\\users-service.ts": {"path":"C:\\Users\\Admin\\Desktop\\projects\\blogs_and_posts_hw10_mongoose\\src\\domain\\users-service.ts","statementMap":{"0":{"start":{"line":1,"column":0},"end":{"line":1,"column":33}},"1":{"start":{"line":3,"column":0},"end":{"line":3,"column":65}},"2":{"start":{"line":4,"column":0},"end":{"line":4,"column":32}},"3":{"start":{"line":5,"column":0},"end":{"line":5,"column":70}},"4":{"start":{"line":7,"column":19},"end":{"line":27,"column":1}},"5":{"start":{"line":13,"column":4},"end":{"line":25,"column":null}},"6":{"start":{"line":29,"column":13},"end":{"line":115,"column":null}},"7":{"start":{"line":33,"column":29},"end":{"line":33,"column":53}},"8":{"start":{"line":34,"column":29},"end":{"line":34,"column":77}},"9":{"start":{"line":36,"column":36},"end":{"line":48,"column":null}},"10":{"start":{"line":49,"column":28},"end":{"line":49,"column":69}},"11":{"start":{"line":50,"column":8},"end":{"line":50,"column":null}},"12":{"start":{"line":54,"column":21},"end":{"line":54,"column":61}},"13":{"start":{"line":55,"column":8},"end":{"line":57,"column":null}},"14":{"start":{"line":56,"column":12},"end":{"line":56,"column":null}},"15":{"start":{"line":58,"column":8},"end":{"line":62,"column":null}},"16":{"start":{"line":66,"column":21},"end":{"line":66,"column":54}},"17":{"start":{"line":67,"column":8},"end":{"line":67,"column":null}},"18":{"start":{"line":71,"column":21},"end":{"line":71,"column":79}},"19":{"start":{"line":72,"column":8},"end":{"line":72,"column":null}},"20":{"start":{"line":72,"column":19},"end":{"line":72,"column":null}},"21":{"start":{"line":73,"column":29},"end":{"line":73,"column":82}},"22":{"start":{"line":74,"column":8},"end":{"line":76,"column":null}},"23":{"start":{"line":75,"column":12},"end":{"line":75,"column":null}},"24":{"start":{"line":77,"column":8},"end":{"line":77,"column":null}},"25":{"start":{"line":81,"column":8},"end":{"line":81,"column":null}},"26":{"start":{"line":85,"column":8},"end":{"line":85,"column":null}},"27":{"start":{"line":89,"column":8},"end":{"line":89,"column":null}},"28":{"start":{"line":93,"column":27},"end":{"line":93,"column":78}},"29":{"start":{"line":94,"column":8},"end":{"line":95,"column":null}},"30":{"start":{"line":94,"column":24},"end":{"line":94,"column":null}},"31":{"start":{"line":95,"column":13},"end":{"line":95,"column":null}},"32":{"start":{"line":99,"column":27},"end":{"line":99,"column":78}},"33":{"start":{"line":100,"column":8},"end":{"line":101,"column":null}},"34":{"start":{"line":100,"column":24},"end":{"line":100,"column":null}},"35":{"start":{"line":101,"column":13},"end":{"line":101,"column":null}},"36":{"start":{"line":105,"column":21},"end":{"line":105,"column":72}},"37":{"start":{"line":106,"column":8},"end":{"line":107,"column":null}},"38":{"start":{"line":106,"column":31},"end":{"line":106,"column":null}},"39":{"start":{"line":107,"column":13},"end":{"line":107,"column":null}},"40":{"start":{"line":111,"column":21},"end":{"line":111,"column":74}},"41":{"start":{"line":112,"column":8},"end":{"line":113,"column":null}},"42":{"start":{"line":112,"column":31},"end":{"line":112,"column":null}},"43":{"start":{"line":113,"column":13},"end":{"line":113,"column":null}}},"fnMap":{"0":{"name":"(anonymous_13)","decl":{"start":{"line":7,"column":19},"end":{"line":7,"column":20}},"loc":{"start":{"line":12,"column":56},"end":{"line":27,"column":1}}},"1":{"name":"(anonymous_14)","decl":{"start":{"line":31,"column":10},"end":{"line":31,"column":20}},"loc":{"start":{"line":31,"column":67},"end":{"line":51,"column":null}}},"2":{"name":"(anonymous_16)","decl":{"start":{"line":53,"column":10},"end":{"line":53,"column":25}},"loc":{"start":{"line":53,"column":40},"end":{"line":63,"column":null}}},"3":{"name":"(anonymous_18)","decl":{"start":{"line":65,"column":10},"end":{"line":65,"column":23}},"loc":{"start":{"line":65,"column":54},"end":{"line":68,"column":null}}},"4":{"name":"(anonymous_20)","decl":{"start":{"line":70,"column":10},"end":{"line":70,"column":26}},"loc":{"start":{"line":70,"column":66},"end":{"line":78,"column":null}}},"5":{"name":"(anonymous_22)","decl":{"start":{"line":80,"column":10},"end":{"line":80,"column":21}},"loc":{"start":{"line":80,"column":32},"end":{"line":82,"column":null}}},"6":{"name":"(anonymous_24)","decl":{"start":{"line":84,"column":10},"end":{"line":84,"column":20}},"loc":{"start":{"line":84,"column":31},"end":{"line":86,"column":null}}},"7":{"name":"(anonymous_26)","decl":{"start":{"line":88,"column":10},"end":{"line":88,"column":24}},"loc":{"start":{"line":88,"column":24},"end":{"line":90,"column":null}}},"8":{"name":"(anonymous_28)","decl":{"start":{"line":92,"column":10},"end":{"line":92,"column":22}},"loc":{"start":{"line":92,"column":37},"end":{"line":96,"column":null}}},"9":{"name":"(anonymous_30)","decl":{"start":{"line":98,"column":10},"end":{"line":98,"column":22}},"loc":{"start":{"line":98,"column":37},"end":{"line":102,"column":null}}},"10":{"name":"(anonymous_32)","decl":{"start":{"line":104,"column":10},"end":{"line":104,"column":26}},"loc":{"start":{"line":104,"column":40},"end":{"line":108,"column":null}}},"11":{"name":"(anonymous_34)","decl":{"start":{"line":110,"column":10},"end":{"line":110,"column":25}},"loc":{"start":{"line":110,"column":38},"end":{"line":114,"column":null}}}},"branchMap":{"0":{"loc":{"start":{"line":55,"column":8},"end":{"line":57,"column":null}},"type":"if","locations":[{"start":{"line":55,"column":8},"end":{"line":57,"column":null}}]},"1":{"loc":{"start":{"line":72,"column":8},"end":{"line":72,"column":null}},"type":"if","locations":[{"start":{"line":72,"column":8},"end":{"line":72,"column":null}}]},"2":{"loc":{"start":{"line":74,"column":8},"end":{"line":76,"column":null}},"type":"if","locations":[{"start":{"line":74,"column":8},"end":{"line":76,"column":null}}]},"3":{"loc":{"start":{"line":94,"column":8},"end":{"line":95,"column":null}},"type":"if","locations":[{"start":{"line":94,"column":8},"end":{"line":95,"column":null}},{"start":{"line":95,"column":13},"end":{"line":95,"column":null}}]},"4":{"loc":{"start":{"line":100,"column":8},"end":{"line":101,"column":null}},"type":"if","locations":[{"start":{"line":100,"column":8},"end":{"line":101,"column":null}},{"start":{"line":101,"column":13},"end":{"line":101,"column":null}}]},"5":{"loc":{"start":{"line":106,"column":8},"end":{"line":107,"column":null}},"type":"if","locations":[{"start":{"line":106,"column":8},"end":{"line":107,"column":null}},{"start":{"line":107,"column":13},"end":{"line":107,"column":null}}]},"6":{"loc":{"start":{"line":112,"column":8},"end":{"line":113,"column":null}},"type":"if","locations":[{"start":{"line":112,"column":8},"end":{"line":113,"column":null}},{"start":{"line":113,"column":13},"end":{"line":113,"column":null}}]}},"s":{"0":1,"1":1,"2":1,"3":1,"4":1,"5":0,"6":1,"7":0,"8":0,"9":0,"10":0,"11":0,"12":0,"13":0,"14":0,"15":0,"16":0,"17":0,"18":0,"19":0,"20":0,"21":0,"22":0,"23":0,"24":0,"25":0,"26":0,"27":0,"28":0,"29":0,"30":0,"31":0,"32":0,"33":0,"34":0,"35":0,"36":0,"37":0,"38":0,"39":0,"40":0,"41":0,"42":0,"43":0},"f":{"0":0,"1":0,"2":0,"3":0,"4":0,"5":0,"6":0,"7":0,"8":0,"9":0,"10":0,"11":0},"b":{"0":[0],"1":[0],"2":[0],"3":[0,0],"4":[0,0],"5":[0,0],"6":[0,0]}}
,"C:\\Users\\Admin\\Desktop\\projects\\blogs_and_posts_hw10_mongoose\\src\\managers\\email-manager.ts": {"path":"C:\\Users\\Admin\\Desktop\\projects\\blogs_and_posts_hw10_mongoose\\src\\managers\\email-manager.ts","statementMap":{"0":{"start":{"line":1,"column":0},"end":{"line":1,"column":55}},"1":{"start":{"line":4,"column":13},"end":{"line":23,"column":null}},"2":{"start":{"line":6,"column":8},"end":{"line":6,"column":null}},"3":{"start":{"line":10,"column":33},"end":{"line":10,"column":144}},"4":{"start":{"line":11,"column":8},"end":{"line":11,"column":null}},"5":{"start":{"line":15,"column":33},"end":{"line":15,"column":168}},"6":{"start":{"line":16,"column":8},"end":{"line":16,"column":null}},"7":{"start":{"line":20,"column":41},"end":{"line":20,"column":176}},"8":{"start":{"line":21,"column":8},"end":{"line":21,"column":null}}},"fnMap":{"0":{"name":"(anonymous_7)","decl":{"start":{"line":5,"column":10},"end":{"line":5,"column":34}},"loc":{"start":{"line":5,"column":44},"end":{"line":7,"column":null}}},"1":{"name":"(anonymous_9)","decl":{"start":{"line":9,"column":10},"end":{"line":9,"column":38}},"loc":{"start":{"line":9,"column":48},"end":{"line":12,"column":null}}},"2":{"name":"(anonymous_11)","decl":{"start":{"line":14,"column":10},"end":{"line":14,"column":40}},"loc":{"start":{"line":14,"column":69},"end":{"line":17,"column":null}}},"3":{"name":"(anonymous_13)","decl":{"start":{"line":19,"column":10},"end":{"line":19,"column":37}},"loc":{"start":{"line":19,"column":81},"end":{"line":22,"column":null}}}},"branchMap":{},"s":{"0":1,"1":1,"2":0,"3":0,"4":0,"5":0,"6":0,"7":0,"8":0},"f":{"0":0,"1":0,"2":0,"3":0},"b":{}}
,"C:\\Users\\Admin\\Desktop\\projects\\blogs_and_posts_hw10_mongoose\\src\\middlewares\\auth-rate-limiter.ts": {"path":"C:\\Users\\Admin\\Desktop\\projects\\blogs_and_posts_hw10_mongoose\\src\\middlewares\\auth-rate-limiter.ts","statementMap":{"0":{"start":{"line":1,"column":0},"end":{"line":1,"column":43}},"1":{"start":{"line":5,"column":13},"end":{"line":42,"column":null}}},"fnMap":{},"branchMap":{},"s":{"0":1,"1":1},"f":{},"b":{}}
,"C:\\Users\\Admin\\Desktop\\projects\\blogs_and_posts_hw10_mongoose\\src\\middlewares\\basic-auth.middleware.ts": {"path":"C:\\Users\\Admin\\Desktop\\projects\\blogs_and_posts_hw10_mongoose\\src\\middlewares\\basic-auth.middleware.ts","statementMap":{"0":{"start":{"line":4,"column":0},"end":{"line":4,"column":54}},"1":{"start":{"line":5,"column":0},"end":{"line":5,"column":55}},"2":{"start":{"line":6,"column":0},"end":{"line":6,"column":53}},"3":{"start":{"line":9,"column":35},"end":{"line":25,"column":1}},"4":{"start":{"line":11,"column":23},"end":{"line":11,"column":48}},"5":{"start":{"line":12,"column":4},"end":{"line":14,"column":null}},"6":{"start":{"line":13,"column":8},"end":{"line":13,"column":null}},"7":{"start":{"line":15,"column":21},"end":{"line":15,"column":45}},"8":{"start":{"line":16,"column":4},"end":{"line":16,"column":null}},"9":{"start":{"line":16,"column":30},"end":{"line":16,"column":null}},"10":{"start":{"line":17,"column":15},"end":{"line":18,"column":39}},"11":{"start":{"line":19,"column":15},"end":{"line":19,"column":22}},"12":{"start":{"line":20,"column":15},"end":{"line":20,"column":22}},"13":{"start":{"line":21,"column":4},"end":{"line":23,"column":null}},"14":{"start":{"line":22,"column":8},"end":{"line":22,"column":null}},"15":{"start":{"line":24,"column":4},"end":{"line":24,"column":null}},"16":{"start":{"line":9,"column":13},"end":{"line":9,"column":35}},"17":{"start":{"line":27,"column":30},"end":{"line":42,"column":null}},"18":{"start":{"line":27,"column":88},"end":{"line":42,"column":null}},"19":{"start":{"line":28,"column":4},"end":{"line":31,"column":null}},"20":{"start":{"line":29,"column":8},"end":{"line":29,"column":null}},"21":{"start":{"line":30,"column":8},"end":{"line":30,"column":14}},"22":{"start":{"line":33,"column":18},"end":{"line":33,"column":58}},"23":{"start":{"line":35,"column":19},"end":{"line":35,"column":68}},"24":{"start":{"line":36,"column":4},"end":{"line":40,"column":null}},"25":{"start":{"line":37,"column":8},"end":{"line":37,"column":null}},"26":{"start":{"line":38,"column":8},"end":{"line":38,"column":null}},"27":{"start":{"line":39,"column":8},"end":{"line":39,"column":14}},"28":{"start":{"line":41,"column":4},"end":{"line":41,"column":null}},"29":{"start":{"line":27,"column":13},"end":{"line":27,"column":30}},"30":{"start":{"line":44,"column":33},"end":{"line":75,"column":null}},"31":{"start":{"line":44,"column":91},"end":{"line":75,"column":null}},"32":{"start":{"line":45,"column":25},"end":{"line":45,"column":49}},"33":{"start":{"line":46,"column":4},"end":{"line":49,"column":null}},"34":{"start":{"line":47,"column":8},"end":{"line":47,"column":null}},"35":{"start":{"line":48,"column":8},"end":{"line":48,"column":14}},"36":{"start":{"line":50,"column":19},"end":{"line":50,"column":75}},"37":{"start":{"line":51,"column":4},"end":{"line":54,"column":null}},"38":{"start":{"line":52,"column":8},"end":{"line":52,"column":null}},"39":{"start":{"line":53,"column":8},"end":{"line":53,"column":14}},"40":{"start":{"line":55,"column":21},"end":{"line":55,"column":79}},"41":{"start":{"line":56,"column":4},"end":{"line":59,"column":null}},"42":{"start":{"line":57,"column":8},"end":{"line":57,"column":null}},"43":{"start":{"line":58,"column":8},"end":{"line":58,"column":14}},"44":{"start":{"line":60,"column":24},"end":{"line":60,"column":62}},"45":{"start":{"line":61,"column":4},"end":{"line":61,"column":null}},"46":{"start":{"line":61,"column":22},"end":{"line":61,"column":null}},"47":{"start":{"line":63,"column":26},"end":{"line":63,"column":80}},"48":{"start":{"line":64,"column":4},"end":{"line":64,"column":null}},"49":{"start":{"line":64,"column":24},"end":{"line":64,"column":null}},"50":{"start":{"line":66,"column":33},"end":{"line":66,"column":97}},"51":{"start":{"line":67,"column":4},"end":{"line":70,"column":null}},"52":{"start":{"line":68,"column":8},"end":{"line":68,"column":null}},"53":{"start":{"line":69,"column":8},"end":{"line":69,"column":14}},"54":{"start":{"line":71,"column":4},"end":{"line":71,"column":null}},"55":{"start":{"line":72,"column":4},"end":{"line":72,"column":null}},"56":{"start":{"line":73,"column":4},"end":{"line":73,"column":null}},"57":{"start":{"line":74,"column":4},"end":{"line":74,"column":10}},"58":{"start":{"line":44,"column":13},"end":{"line":44,"column":33}}},"fnMap":{"0":{"name":"(anonymous_7)","decl":{"start":{"line":9,"column":35},"end":{"line":9,"column":36}},"loc":{"start":{"line":9,"column":87},"end":{"line":25,"column":1}}},"1":{"name":"(anonymous_8)","decl":{"start":{"line":27,"column":30},"end":{"line":27,"column":37}},"loc":{"start":{"line":27,"column":88},"end":{"line":42,"column":null}}},"2":{"name":"(anonymous_9)","decl":{"start":{"line":27,"column":88},"end":{"line":27,"column":null}},"loc":{"start":{"line":27,"column":88},"end":{"line":42,"column":1}}},"3":{"name":"(anonymous_10)","decl":{"start":{"line":44,"column":33},"end":{"line":44,"column":40}},"loc":{"start":{"line":44,"column":91},"end":{"line":75,"column":null}}},"4":{"name":"(anonymous_11)","decl":{"start":{"line":44,"column":91},"end":{"line":44,"column":null}},"loc":{"start":{"line":44,"column":91},"end":{"line":75,"column":1}}}},"branchMap":{"0":{"loc":{"start":{"line":12,"column":4},"end":{"line":14,"column":null}},"type":"if","locations":[{"start":{"line":12,"column":4},"end":{"line":14,"column":null}}]},"1":{"loc":{"start":{"line":16,"column":4},"end":{"line":16,"column":null}},"type":"if","locations":[{"start":{"line":16,"column":4},"end":{"line":16,"column":null}}]},"2":{"loc":{"start":{"line":21,"column":4},"end":{"line":23,"column":null}},"type":"if","locations":[{"start":{"line":21,"column":4},"end":{"line":23,"column":null}}]},"3":{"loc":{"start":{"line":21,"column":10},"end":{"line":21,"column":45}},"type":"binary-expr","locations":[{"start":{"line":21,"column":10},"end":{"line":21,"column":25}},{"start":{"line":21,"column":29},"end":{"line":21,"column":45}}]},"4":{"loc":{"start":{"line":28,"column":4},"end":{"line":31,"column":null}},"type":"if","locations":[{"start":{"line":28,"column":4},"end":{"line":31,"column":null}}]},"5":{"loc":{"start":{"line":33,"column":18},"end":{"line":33,"column":58}},"type":"cond-expr","locations":[{"start":{"line":33,"column":43},"end":{"line":33,"column":45}},{"start":{"line":33,"column":43},"end":{"line":33,"column":58}}]},"6":{"loc":{"start":{"line":33,"column":18},"end":{"line":33,"column":45}},"type":"binary-expr","locations":[{"start":{"line":33,"column":18},"end":{"line":33,"column":45}},{"start":{"line":33,"column":43},"end":{"line":33,"column":45}}]},"7":{"loc":{"start":{"line":36,"column":4},"end":{"line":40,"column":null}},"type":"if","locations":[{"start":{"line":36,"column":4},"end":{"line":40,"column":null}}]},"8":{"loc":{"start":{"line":46,"column":4},"end":{"line":49,"column":null}},"type":"if","locations":[{"start":{"line":46,"column":4},"end":{"line":49,"column":null}}]},"9":{"loc":{"start":{"line":51,"column":4},"end":{"line":54,"column":null}},"type":"if","locations":[{"start":{"line":51,"column":4},"end":{"line":54,"column":null}}]},"10":{"loc":{"start":{"line":56,"column":4},"end":{"line":59,"column":null}},"type":"if","locations":[{"start":{"line":56,"column":4},"end":{"line":59,"column":null}}]},"11":{"loc":{"start":{"line":61,"column":4},"end":{"line":61,"column":null}},"type":"if","locations":[{"start":{"line":61,"column":4},"end":{"line":61,"column":null}}]},"12":{"loc":{"start":{"line":64,"column":4},"end":{"line":64,"column":null}},"type":"if","locations":[{"start":{"line":64,"column":4},"end":{"line":64,"column":null}}]},"13":{"loc":{"start":{"line":67,"column":4},"end":{"line":70,"column":null}},"type":"if","locations":[{"start":{"line":67,"column":4},"end":{"line":70,"column":null}}]}},"s":{"0":1,"1":1,"2":1,"3":1,"4":0,"5":0,"6":0,"7":0,"8":0,"9":0,"10":0,"11":0,"12":0,"13":0,"14":0,"15":0,"16":1,"17":1,"18":0,"19":0,"20":0,"21":0,"22":0,"23":0,"24":0,"25":0,"26":0,"27":0,"28":0,"29":1,"30":1,"31":0,"32":0,"33":0,"34":0,"35":0,"36":0,"37":0,"38":0,"39":0,"40":0,"41":0,"42":0,"43":0,"44":0,"45":0,"46":0,"47":0,"48":0,"49":0,"50":0,"51":0,"52":0,"53":0,"54":0,"55":0,"56":0,"57":0,"58":1},"f":{"0":0,"1":0,"2":0,"3":0,"4":0},"b":{"0":[0],"1":[0],"2":[0],"3":[0,0],"4":[0],"5":[0,0],"6":[0,0],"7":[0],"8":[0],"9":[0],"10":[0],"11":[0],"12":[0],"13":[0]}}
,"C:\\Users\\Admin\\Desktop\\projects\\blogs_and_posts_hw10_mongoose\\src\\middlewares\\other-midlevares.ts": {"path":"C:\\Users\\Admin\\Desktop\\projects\\blogs_and_posts_hw10_mongoose\\src\\middlewares\\other-midlevares.ts","statementMap":{"0":{"start":{"line":4,"column":0},"end":{"line":4,"column":53}},"1":{"start":{"line":5,"column":0},"end":{"line":5,"column":55}},"2":{"start":{"line":6,"column":0},"end":{"line":6,"column":76}},"3":{"start":{"line":10,"column":37},"end":{"line":22,"column":null}},"4":{"start":{"line":10,"column":95},"end":{"line":22,"column":null}},"5":{"start":{"line":11,"column":19},"end":{"line":11,"column":29}},"6":{"start":{"line":12,"column":20},"end":{"line":12,"column":80}},"7":{"start":{"line":13,"column":4},"end":{"line":16,"column":null}},"8":{"start":{"line":14,"column":8},"end":{"line":14,"column":null}},"9":{"start":{"line":15,"column":8},"end":{"line":15,"column":14}},"10":{"start":{"line":17,"column":4},"end":{"line":20,"column":null}},"11":{"start":{"line":18,"column":8},"end":{"line":18,"column":null}},"12":{"start":{"line":19,"column":8},"end":{"line":19,"column":14}},"13":{"start":{"line":21,"column":4},"end":{"line":21,"column":null}},"14":{"start":{"line":10,"column":13},"end":{"line":10,"column":37}},"15":{"start":{"line":24,"column":35},"end":{"line":37,"column":null}},"16":{"start":{"line":24,"column":93},"end":{"line":37,"column":null}},"17":{"start":{"line":25,"column":21},"end":{"line":25,"column":40}},"18":{"start":{"line":26,"column":26},"end":{"line":26,"column":69}},"19":{"start":{"line":27,"column":4},"end":{"line":30,"column":null}},"20":{"start":{"line":28,"column":8},"end":{"line":28,"column":null}},"21":{"start":{"line":29,"column":8},"end":{"line":29,"column":14}},"22":{"start":{"line":31,"column":20},"end":{"line":31,"column":84}},"23":{"start":{"line":32,"column":4},"end":{"line":35,"column":null}},"24":{"start":{"line":33,"column":8},"end":{"line":33,"column":null}},"25":{"start":{"line":34,"column":8},"end":{"line":34,"column":14}},"26":{"start":{"line":36,"column":4},"end":{"line":36,"column":null}},"27":{"start":{"line":24,"column":13},"end":{"line":24,"column":35}},"28":{"start":{"line":39,"column":38},"end":{"line":46,"column":null}},"29":{"start":{"line":39,"column":96},"end":{"line":46,"column":null}},"30":{"start":{"line":40,"column":25},"end":{"line":40,"column":72}},"31":{"start":{"line":41,"column":4},"end":{"line":44,"column":null}},"32":{"start":{"line":42,"column":8},"end":{"line":42,"column":null}},"33":{"start":{"line":43,"column":8},"end":{"line":43,"column":14}},"34":{"start":{"line":45,"column":4},"end":{"line":45,"column":null}},"35":{"start":{"line":39,"column":13},"end":{"line":39,"column":38}}},"fnMap":{"0":{"name":"(anonymous_7)","decl":{"start":{"line":10,"column":37},"end":{"line":10,"column":44}},"loc":{"start":{"line":10,"column":95},"end":{"line":22,"column":null}}},"1":{"name":"(anonymous_8)","decl":{"start":{"line":10,"column":95},"end":{"line":10,"column":null}},"loc":{"start":{"line":10,"column":95},"end":{"line":22,"column":1}}},"2":{"name":"(anonymous_9)","decl":{"start":{"line":24,"column":35},"end":{"line":24,"column":42}},"loc":{"start":{"line":24,"column":93},"end":{"line":37,"column":null}}},"3":{"name":"(anonymous_10)","decl":{"start":{"line":24,"column":93},"end":{"line":24,"column":null}},"loc":{"start":{"line":24,"column":93},"end":{"line":37,"column":1}}},"4":{"name":"(anonymous_11)","decl":{"start":{"line":39,"column":38},"end":{"line":39,"column":45}},"loc":{"start":{"line":39,"column":96},"end":{"line":46,"column":null}}},"5":{"name":"(anonymous_12)","decl":{"start":{"line":39,"column":96},"end":{"line":39,"column":null}},"loc":{"start":{"line":39,"column":96},"end":{"line":46,"column":1}}}},"branchMap":{"0":{"loc":{"start":{"line":13,"column":4},"end":{"line":16,"column":null}},"type":"if","locations":[{"start":{"line":13,"column":4},"end":{"line":16,"column":null}}]},"1":{"loc":{"start":{"line":17,"column":4},"end":{"line":20,"column":null}},"type":"if","locations":[{"start":{"line":17,"column":4},"end":{"line":20,"column":null}}]},"2":{"loc":{"start":{"line":27,"column":4},"end":{"line":30,"column":null}},"type":"if","locations":[{"start":{"line":27,"column":4},"end":{"line":30,"column":null}}]},"3":{"loc":{"start":{"line":32,"column":4},"end":{"line":35,"column":null}},"type":"if","locations":[{"start":{"line":32,"column":4},"end":{"line":35,"column":null}}]},"4":{"loc":{"start":{"line":41,"column":4},"end":{"line":44,"column":null}},"type":"if","locations":[{"start":{"line":41,"column":4},"end":{"line":44,"column":null}}]}},"s":{"0":1,"1":1,"2":1,"3":1,"4":0,"5":0,"6":0,"7":0,"8":0,"9":0,"10":0,"11":0,"12":0,"13":0,"14":1,"15":1,"16":0,"17":0,"18":0,"19":0,"20":0,"21":0,"22":0,"23":0,"24":0,"25":0,"26":0,"27":1,"28":1,"29":0,"30":0,"31":0,"32":0,"33":0,"34":0,"35":1},"f":{"0":0,"1":0,"2":0,"3":0,"4":0,"5":0},"b":{"0":[0],"1":[0],"2":[0],"3":[0],"4":[0]}}
,"C:\\Users\\Admin\\Desktop\\projects\\blogs_and_posts_hw10_mongoose\\src\\middlewares\\input-validation-middleware\\input-validation-middleware.ts": {"path":"C:\\Users\\Admin\\Desktop\\projects\\blogs_and_posts_hw10_mongoose\\src\\middlewares\\input-validation-middleware\\input-validation-middleware.ts","statementMap":{"0":{"start":{"line":3,"column":0},"end":{"line":3,"column":57}},"1":{"start":{"line":6,"column":0},"end":{"line":6,"column":56}},"2":{"start":{"line":7,"column":0},"end":{"line":7,"column":54}},"3":{"start":{"line":8,"column":0},"end":{"line":8,"column":72}},"4":{"start":{"line":12,"column":41},"end":{"line":24,"column":1}},"5":{"start":{"line":14,"column":20},"end":{"line":14,"column":41}},"6":{"start":{"line":15,"column":4},"end":{"line":23,"column":null}},"7":{"start":{"line":16,"column":29},"end":{"line":18,"column":11}},"8":{"start":{"line":17,"column":20},"end":{"line":17,"column":null}},"9":{"start":{"line":19,"column":8},"end":{"line":19,"column":52}},"10":{"start":{"line":22,"column":8},"end":{"line":22,"column":15}},"11":{"start":{"line":12,"column":13},"end":{"line":12,"column":41}},"12":{"start":{"line":27,"column":13},"end":{"line":37,"column":null}},"13":{"start":{"line":34,"column":26},"end":{"line":37,"column":6}},"14":{"start":{"line":35,"column":29},"end":{"line":35,"column":67}},"15":{"start":{"line":36,"column":8},"end":{"line":36,"column":null}},"16":{"start":{"line":36,"column":26},"end":{"line":36,"column":null}},"17":{"start":{"line":39,"column":13},"end":{"line":44,"column":null}},"18":{"start":{"line":46,"column":13},"end":{"line":51,"column":null}},"19":{"start":{"line":53,"column":13},"end":{"line":62,"column":null}},"20":{"start":{"line":59,"column":26},"end":{"line":62,"column":6}},"21":{"start":{"line":60,"column":29},"end":{"line":60,"column":67}},"22":{"start":{"line":61,"column":8},"end":{"line":61,"column":null}},"23":{"start":{"line":61,"column":26},"end":{"line":61,"column":null}},"24":{"start":{"line":64,"column":13},"end":{"line":69,"column":null}},"25":{"start":{"line":71,"column":13},"end":{"line":84,"column":null}},"26":{"start":{"line":77,"column":26},"end":{"line":80,"column":6}},"27":{"start":{"line":78,"column":29},"end":{"line":78,"column":67}},"28":{"start":{"line":79,"column":8},"end":{"line":79,"column":null}},"29":{"start":{"line":79,"column":27},"end":{"line":79,"column":null}},"30":{"start":{"line":81,"column":26},"end":{"line":84,"column":6}},"31":{"start":{"line":82,"column":33},"end":{"line":82,"column":75}},"32":{"start":{"line":83,"column":8},"end":{"line":83,"column":null}},"33":{"start":{"line":83,"column":30},"end":{"line":83,"column":null}},"34":{"start":{"line":86,"column":13},"end":{"line":97,"column":null}},"35":{"start":{"line":90,"column":26},"end":{"line":93,"column":6}},"36":{"start":{"line":91,"column":28},"end":{"line":91,"column":76}},"37":{"start":{"line":92,"column":8},"end":{"line":92,"column":null}},"38":{"start":{"line":92,"column":26},"end":{"line":92,"column":null}},"39":{"start":{"line":94,"column":26},"end":{"line":97,"column":6}},"40":{"start":{"line":95,"column":32},"end":{"line":95,"column":73}},"41":{"start":{"line":96,"column":8},"end":{"line":96,"column":null}},"42":{"start":{"line":96,"column":29},"end":{"line":96,"column":null}},"43":{"start":{"line":99,"column":13},"end":{"line":106,"column":null}},"44":{"start":{"line":103,"column":26},"end":{"line":106,"column":6}},"45":{"start":{"line":104,"column":28},"end":{"line":104,"column":72}},"46":{"start":{"line":105,"column":8},"end":{"line":105,"column":null}},"47":{"start":{"line":105,"column":26},"end":{"line":105,"column":null}},"48":{"start":{"line":109,"column":13},"end":{"line":114,"column":null}},"49":{"start":{"line":116,"column":13},"end":{"line":120,"column":null}},"50":{"start":{"line":122,"column":13},"end":{"line":128,"column":170}},"51":{"start":{"line":131,"column":13},"end":{"line":135,"column":null}},"52":{"start":{"line":137,"column":13},"end":{"line":141,"column":null}},"53":{"start":{"line":143,"column":13},"end":{"line":147,"column":null}},"54":{"start":{"line":149,"column":13},"end":{"line":157,"column":null}},"55":{"start":{"line":153,"column":26},"end":{"line":157,"column":6}},"56":{"start":{"line":154,"column":30},"end":{"line":154,"column":69}},"57":{"start":{"line":155,"column":8},"end":{"line":155,"column":null}},"58":{"start":{"line":155,"column":28},"end":{"line":155,"column":null}},"59":{"start":{"line":156,"column":8},"end":{"line":156,"column":null}},"60":{"start":{"line":161,"column":13},"end":{"line":165,"column":null}}},"fnMap":{"0":{"name":"(anonymous_7)","decl":{"start":{"line":12,"column":41},"end":{"line":12,"column":42}},"loc":{"start":{"line":12,"column":93},"end":{"line":24,"column":1}}},"1":{"name":"(anonymous_8)","decl":{"start":{"line":16,"column":66},"end":{"line":16,"column":67}},"loc":{"start":{"line":16,"column":70},"end":{"line":18,"column":9}}},"2":{"name":"(anonymous_9)","decl":{"start":{"line":34,"column":12},"end":{"line":34,"column":18}},"loc":{"start":{"line":34,"column":26},"end":{"line":37,"column":6}}},"3":{"name":"(anonymous_10)","decl":{"start":{"line":34,"column":26},"end":{"line":34,"column":null}},"loc":{"start":{"line":34,"column":26},"end":{"line":37,"column":5}}},"4":{"name":"(anonymous_11)","decl":{"start":{"line":59,"column":12},"end":{"line":59,"column":18}},"loc":{"start":{"line":59,"column":26},"end":{"line":62,"column":6}}},"5":{"name":"(anonymous_12)","decl":{"start":{"line":59,"column":26},"end":{"line":59,"column":null}},"loc":{"start":{"line":59,"column":26},"end":{"line":62,"column":5}}},"6":{"name":"(anonymous_13)","decl":{"start":{"line":77,"column":12},"end":{"line":77,"column":18}},"loc":{"start":{"line":77,"column":26},"end":{"line":80,"column":6}}},"7":{"name":"(anonymous_14)","decl":{"start":{"line":77,"column":26},"end":{"line":77,"column":null}},"loc":{"start":{"line":77,"column":26},"end":{"line":80,"column":5}}},"8":{"name":"(anonymous_15)","decl":{"start":{"line":81,"column":12},"end":{"line":81,"column":18}},"loc":{"start":{"line":81,"column":26},"end":{"line":84,"column":6}}},"9":{"name":"(anonymous_16)","decl":{"start":{"line":81,"column":26},"end":{"line":81,"column":null}},"loc":{"start":{"line":81,"column":26},"end":{"line":84,"column":5}}},"10":{"name":"(anonymous_17)","decl":{"start":{"line":90,"column":12},"end":{"line":90,"column":18}},"loc":{"start":{"line":90,"column":26},"end":{"line":93,"column":6}}},"11":{"name":"(anonymous_18)","decl":{"start":{"line":90,"column":26},"end":{"line":90,"column":null}},"loc":{"start":{"line":90,"column":26},"end":{"line":93,"column":5}}},"12":{"name":"(anonymous_19)","decl":{"start":{"line":94,"column":12},"end":{"line":94,"column":18}},"loc":{"start":{"line":94,"column":26},"end":{"line":97,"column":6}}},"13":{"name":"(anonymous_20)","decl":{"start":{"line":94,"column":26},"end":{"line":94,"column":null}},"loc":{"start":{"line":94,"column":26},"end":{"line":97,"column":5}}},"14":{"name":"(anonymous_21)","decl":{"start":{"line":103,"column":12},"end":{"line":103,"column":18}},"loc":{"start":{"line":103,"column":26},"end":{"line":106,"column":6}}},"15":{"name":"(anonymous_22)","decl":{"start":{"line":103,"column":26},"end":{"line":103,"column":null}},"loc":{"start":{"line":103,"column":26},"end":{"line":106,"column":5}}},"16":{"name":"(anonymous_23)","decl":{"start":{"line":153,"column":12},"end":{"line":153,"column":18}},"loc":{"start":{"line":153,"column":26},"end":{"line":157,"column":6}}},"17":{"name":"(anonymous_24)","decl":{"start":{"line":153,"column":26},"end":{"line":153,"column":null}},"loc":{"start":{"line":153,"column":26},"end":{"line":157,"column":5}}}},"branchMap":{"0":{"loc":{"start":{"line":15,"column":4},"end":{"line":23,"column":null}},"type":"if","locations":[{"start":{"line":15,"column":4},"end":{"line":23,"column":null}},{"start":{"line":21,"column":9},"end":{"line":23,"column":null}}]},"1":{"loc":{"start":{"line":36,"column":8},"end":{"line":36,"column":null}},"type":"if","locations":[{"start":{"line":36,"column":8},"end":{"line":36,"column":null}}]},"2":{"loc":{"start":{"line":61,"column":8},"end":{"line":61,"column":null}},"type":"if","locations":[{"start":{"line":61,"column":8},"end":{"line":61,"column":null}}]},"3":{"loc":{"start":{"line":79,"column":8},"end":{"line":79,"column":null}},"type":"if","locations":[{"start":{"line":79,"column":8},"end":{"line":79,"column":null}}]},"4":{"loc":{"start":{"line":83,"column":8},"end":{"line":83,"column":null}},"type":"if","locations":[{"start":{"line":83,"column":8},"end":{"line":83,"column":null}}]},"5":{"loc":{"start":{"line":92,"column":8},"end":{"line":92,"column":null}},"type":"if","locations":[{"start":{"line":92,"column":8},"end":{"line":92,"column":null}}]},"6":{"loc":{"start":{"line":96,"column":8},"end":{"line":96,"column":null}},"type":"if","locations":[{"start":{"line":96,"column":8},"end":{"line":96,"column":null}}]},"7":{"loc":{"start":{"line":105,"column":8},"end":{"line":105,"column":null}},"type":"if","locations":[{"start":{"line":105,"column":8},"end":{"line":105,"column":null}}]},"8":{"loc":{"start":{"line":155,"column":8},"end":{"line":155,"column":null}},"type":"if","locations":[{"start":{"line":155,"column":8},"end":{"line":155,"column":null}}]}},"s":{"0":1,"1":1,"2":1,"3":1,"4":1,"5":0,"6":0,"7":0,"8":0,"9":0,"10":0,"11":1,"12":1,"13":0,"14":0,"15":0,"16":0,"17":1,"18":1,"19":1,"20":0,"21":0,"22":0,"23":0,"24":1,"25":1,"26":0,"27":0,"28":0,"29":0,"30":0,"31":0,"32":0,"33":0,"34":1,"35":0,"36":0,"37":0,"38":0,"39":0,"40":0,"41":0,"42":0,"43":1,"44":0,"45":0,"46":0,"47":0,"48":1,"49":1,"50":1,"51":1,"52":1,"53":1,"54":1,"55":0,"56":0,"57":0,"58":0,"59":0,"60":1},"f":{"0":0,"1":0,"2":0,"3":0,"4":0,"5":0,"6":0,"7":0,"8":0,"9":0,"10":0,"11":0,"12":0,"13":0,"14":0,"15":0,"16":0,"17":0},"b":{"0":[0,0],"1":[0],"2":[0],"3":[0],"4":[0],"5":[0],"6":[0],"7":[0],"8":[0]}}
,"C:\\Users\\Admin\\Desktop\\projects\\blogs_and_posts_hw10_mongoose\\src\\repositories\\blog-query-repository.ts": {"path":"C:\\Users\\Admin\\Desktop\\projects\\blogs_and_posts_hw10_mongoose\\src\\repositories\\blog-query-repository.ts","statementMap":{"0":{"start":{"line":3,"column":0},"end":{"line":3,"column":33}},"1":{"start":{"line":6,"column":0},"end":{"line":6,"column":50}},"2":{"start":{"line":9,"column":4},"end":{"line":9,"column":47}},"3":{"start":{"line":13,"column":4},"end":{"line":13,"column":43}},"4":{"start":{"line":17,"column":13},"end":{"line":87,"column":null}},"5":{"start":{"line":26,"column":25},"end":{"line":26,"column":102}},"6":{"start":{"line":29,"column":8},"end":{"line":42,"column":null}},"7":{"start":{"line":30,"column":12},"end":{"line":34,"column":null}},"8":{"start":{"line":37,"column":12},"end":{"line":41,"column":null}},"9":{"start":{"line":44,"column":23},"end":{"line":53,"column":10}},"10":{"start":{"line":45,"column":12},"end":{"line":52,"column":null}},"11":{"start":{"line":55,"column":24},"end":{"line":55,"column":57}},"12":{"start":{"line":57,"column":66},"end":{"line":63,"column":null}},"13":{"start":{"line":64,"column":8},"end":{"line":64,"column":null}},"14":{"start":{"line":68,"column":8},"end":{"line":70,"column":null}},"15":{"start":{"line":69,"column":12},"end":{"line":69,"column":null}},"16":{"start":{"line":71,"column":18},"end":{"line":71,"column":34}},"17":{"start":{"line":72,"column":40},"end":{"line":72,"column":87}},"18":{"start":{"line":73,"column":8},"end":{"line":75,"column":null}},"19":{"start":{"line":74,"column":12},"end":{"line":74,"column":null}},"20":{"start":{"line":76,"column":8},"end":{"line":83,"column":null}}},"fnMap":{"0":{"name":"sort","decl":{"start":{"line":8,"column":9},"end":{"line":8,"column":13}},"loc":{"start":{"line":8,"column":35},"end":{"line":10,"column":1}}},"1":{"name":"skipped","decl":{"start":{"line":12,"column":9},"end":{"line":12,"column":16}},"loc":{"start":{"line":12,"column":53},"end":{"line":14,"column":1}}},"2":{"name":"(anonymous_9)","decl":{"start":{"line":19,"column":10},"end":{"line":19,"column":21}},"loc":{"start":{"line":24,"column":24},"end":{"line":65,"column":null}}},"3":{"name":"(anonymous_11)","decl":{"start":{"line":44,"column":33},"end":{"line":44,"column":34}},"loc":{"start":{"line":44,"column":55},"end":{"line":53,"column":9}}},"4":{"name":"(anonymous_12)","decl":{"start":{"line":67,"column":10},"end":{"line":67,"column":21}},"loc":{"start":{"line":67,"column":32},"end":{"line":84,"column":null}}}},"branchMap":{"0":{"loc":{"start":{"line":9,"column":11},"end":{"line":9,"column":46}},"type":"cond-expr","locations":[{"start":{"line":9,"column":40},"end":{"line":9,"column":42}},{"start":{"line":9,"column":45},"end":{"line":9,"column":46}}]},"1":{"loc":{"start":{"line":29,"column":8},"end":{"line":42,"column":null}},"type":"if","locations":[{"start":{"line":29,"column":8},"end":{"line":42,"column":null}},{"start":{"line":36,"column":13},"end":{"line":42,"column":null}}]},"2":{"loc":{"start":{"line":68,"column":8},"end":{"line":70,"column":null}},"type":"if","locations":[{"start":{"line":68,"column":8},"end":{"line":70,"column":null}}]},"3":{"loc":{"start":{"line":73,"column":8},"end":{"line":75,"column":null}},"type":"if","locations":[{"start":{"line":73,"column":8},"end":{"line":75,"column":null}}]}},"s":{"0":1,"1":1,"2":0,"3":0,"4":1,"5":0,"6":0,"7":0,"8":0,"9":0,"10":0,"11":0,"12":0,"13":0,"14":0,"15":0,"16":0,"17":0,"18":0,"19":0,"20":0},"f":{"0":0,"1":0,"2":0,"3":0,"4":0},"b":{"0":[0,0],"1":[0,0],"2":[0],"3":[0]}}
,"C:\\Users\\Admin\\Desktop\\projects\\blogs_and_posts_hw10_mongoose\\src\\repositories\\blogs-repository.ts": {"path":"C:\\Users\\Admin\\Desktop\\projects\\blogs_and_posts_hw10_mongoose\\src\\repositories\\blogs-repository.ts","statementMap":{"0":{"start":{"line":2,"column":0},"end":{"line":2,"column":33}},"1":{"start":{"line":5,"column":0},"end":{"line":5,"column":50}},"2":{"start":{"line":8,"column":13},"end":{"line":55,"column":null}},"3":{"start":{"line":11,"column":29},"end":{"line":11,"column":56}},"4":{"start":{"line":12,"column":8},"end":{"line":12,"column":null}},"5":{"start":{"line":21,"column":8},"end":{"line":21,"column":null}},"6":{"start":{"line":25,"column":8},"end":{"line":37,"column":null}},"7":{"start":{"line":26,"column":22},"end":{"line":26,"column":38}},"8":{"start":{"line":27,"column":33},"end":{"line":27,"column":73}},"9":{"start":{"line":28,"column":12},"end":{"line":28,"column":44}},"10":{"start":{"line":28,"column":31},"end":{"line":28,"column":44}},"11":{"start":{"line":29,"column":12},"end":{"line":29,"column":null}},"12":{"start":{"line":30,"column":12},"end":{"line":30,"column":null}},"13":{"start":{"line":31,"column":12},"end":{"line":31,"column":null}},"14":{"start":{"line":32,"column":27},"end":{"line":32,"column":52}},"15":{"start":{"line":35,"column":12},"end":{"line":35,"column":null}},"16":{"start":{"line":37,"column":13},"end":{"line":37,"column":null}},"17":{"start":{"line":42,"column":8},"end":{"line":47,"column":null}},"18":{"start":{"line":43,"column":22},"end":{"line":43,"column":38}},"19":{"start":{"line":44,"column":27},"end":{"line":44,"column":69}},"20":{"start":{"line":45,"column":12},"end":{"line":45,"column":null}},"21":{"start":{"line":47,"column":13},"end":{"line":47,"column":null}},"22":{"start":{"line":52,"column":23},"end":{"line":52,"column":58}},"23":{"start":{"line":53,"column":8},"end":{"line":53,"column":null}}},"fnMap":{"0":{"name":"(anonymous_7)","decl":{"start":{"line":10,"column":10},"end":{"line":10,"column":20}},"loc":{"start":{"line":10,"column":40},"end":{"line":22,"column":null}}},"1":{"name":"(anonymous_9)","decl":{"start":{"line":24,"column":10},"end":{"line":24,"column":20}},"loc":{"start":{"line":24,"column":86},"end":{"line":39,"column":null}}},"2":{"name":"(anonymous_11)","decl":{"start":{"line":41,"column":10},"end":{"line":41,"column":20}},"loc":{"start":{"line":41,"column":31},"end":{"line":49,"column":null}}},"3":{"name":"(anonymous_13)","decl":{"start":{"line":51,"column":10},"end":{"line":51,"column":24}},"loc":{"start":{"line":51,"column":24},"end":{"line":54,"column":null}}}},"branchMap":{"0":{"loc":{"start":{"line":25,"column":8},"end":{"line":37,"column":null}},"type":"if","locations":[{"start":{"line":25,"column":8},"end":{"line":37,"column":null}},{"start":{"line":37,"column":13},"end":{"line":37,"column":null}}]},"1":{"loc":{"start":{"line":28,"column":12},"end":{"line":28,"column":44}},"type":"if","locations":[{"start":{"line":28,"column":12},"end":{"line":28,"column":44}}]},"2":{"loc":{"start":{"line":42,"column":8},"end":{"line":47,"column":null}},"type":"if","locations":[{"start":{"line":42,"column":8},"end":{"line":47,"column":null}},{"start":{"line":47,"column":13},"end":{"line":47,"column":null}}]}},"s":{"0":1,"1":1,"2":1,"3":0,"4":0,"5":0,"6":0,"7":0,"8":0,"9":0,"10":0,"11":0,"12":0,"13":0,"14":0,"15":0,"16":0,"17":0,"18":0,"19":0,"20":0,"21":0,"22":0,"23":0},"f":{"0":0,"1":0,"2":0,"3":0},"b":{"0":[0,0],"1":[0],"2":[0,0]}}
,"C:\\Users\\Admin\\Desktop\\projects\\blogs_and_posts_hw10_mongoose\\src\\repositories\\comments-query-repository.ts": {"path":"C:\\Users\\Admin\\Desktop\\projects\\blogs_and_posts_hw10_mongoose\\src\\repositories\\comments-query-repository.ts","statementMap":{"0":{"start":{"line":2,"column":0},"end":{"line":2,"column":46}},"1":{"start":{"line":3,"column":0},"end":{"line":3,"column":49}},"2":{"start":{"line":5,"column":0},"end":{"line":5,"column":48}},"3":{"start":{"line":6,"column":0},"end":{"line":6,"column":33}},"4":{"start":{"line":8,"column":13},"end":{"line":65,"column":null}},"5":{"start":{"line":17,"column":28},"end":{"line":17,"column":111}},"6":{"start":{"line":19,"column":23},"end":{"line":23,"column":19}},"7":{"start":{"line":25,"column":26},"end":{"line":34,"column":10}},"8":{"start":{"line":26,"column":12},"end":{"line":32,"column":null}},"9":{"start":{"line":36,"column":25},"end":{"line":36,"column":61}},"10":{"start":{"line":38,"column":29},"end":{"line":44,"column":null}},"11":{"start":{"line":45,"column":8},"end":{"line":45,"column":null}},"12":{"start":{"line":49,"column":8},"end":{"line":51,"column":null}},"13":{"start":{"line":50,"column":12},"end":{"line":50,"column":null}},"14":{"start":{"line":52,"column":18},"end":{"line":52,"column":34}},"15":{"start":{"line":53,"column":46},"end":{"line":53,"column":84}},"16":{"start":{"line":54,"column":8},"end":{"line":56,"column":null}},"17":{"start":{"line":55,"column":12},"end":{"line":55,"column":null}},"18":{"start":{"line":57,"column":8},"end":{"line":63,"column":null}}},"fnMap":{"0":{"name":"(anonymous_7)","decl":{"start":{"line":10,"column":10},"end":{"line":10,"column":32}},"loc":{"start":{"line":15,"column":24},"end":{"line":46,"column":null}}},"1":{"name":"(anonymous_9)","decl":{"start":{"line":25,"column":39},"end":{"line":25,"column":40}},"loc":{"start":{"line":25,"column":67},"end":{"line":34,"column":9}}},"2":{"name":"(anonymous_10)","decl":{"start":{"line":48,"column":10},"end":{"line":48,"column":24}},"loc":{"start":{"line":48,"column":35},"end":{"line":64,"column":null}}}},"branchMap":{"0":{"loc":{"start":{"line":49,"column":8},"end":{"line":51,"column":null}},"type":"if","locations":[{"start":{"line":49,"column":8},"end":{"line":51,"column":null}}]},"1":{"loc":{"start":{"line":54,"column":8},"end":{"line":56,"column":null}},"type":"if","locations":[{"start":{"line":54,"column":8},"end":{"line":56,"column":null}}]}},"s":{"0":1,"1":1,"2":1,"3":1,"4":1,"5":0,"6":0,"7":0,"8":0,"9":0,"10":0,"11":0,"12":0,"13":0,"14":0,"15":0,"16":0,"17":0,"18":0},"f":{"0":0,"1":0,"2":0},"b":{"0":[0],"1":[0]}}
,"C:\\Users\\Admin\\Desktop\\projects\\blogs_and_posts_hw10_mongoose\\src\\repositories\\comments-repository.ts": {"path":"C:\\Users\\Admin\\Desktop\\projects\\blogs_and_posts_hw10_mongoose\\src\\repositories\\comments-repository.ts","statementMap":{"0":{"start":{"line":2,"column":0},"end":{"line":2,"column":33}},"1":{"start":{"line":5,"column":0},"end":{"line":5,"column":48}},"2":{"start":{"line":9,"column":13},"end":{"line":46,"column":null}},"3":{"start":{"line":12,"column":23},"end":{"line":12,"column":64}},"4":{"start":{"line":13,"column":29},"end":{"line":19,"column":null}},"5":{"start":{"line":20,"column":8},"end":{"line":20,"column":null}},"6":{"start":{"line":24,"column":8},"end":{"line":29,"column":null}},"7":{"start":{"line":25,"column":22},"end":{"line":25,"column":38}},"8":{"start":{"line":26,"column":27},"end":{"line":26,"column":67}},"9":{"start":{"line":27,"column":12},"end":{"line":27,"column":null}},"10":{"start":{"line":29,"column":13},"end":{"line":29,"column":null}},"11":{"start":{"line":33,"column":8},"end":{"line":39,"column":null}},"12":{"start":{"line":34,"column":22},"end":{"line":34,"column":38}},"13":{"start":{"line":35,"column":27},"end":{"line":36,"column":65}},"14":{"start":{"line":37,"column":12},"end":{"line":37,"column":null}},"15":{"start":{"line":39,"column":13},"end":{"line":39,"column":null}},"16":{"start":{"line":43,"column":23},"end":{"line":43,"column":56}},"17":{"start":{"line":44,"column":8},"end":{"line":44,"column":null}}},"fnMap":{"0":{"name":"(anonymous_7)","decl":{"start":{"line":11,"column":10},"end":{"line":11,"column":23}},"loc":{"start":{"line":11,"column":49},"end":{"line":21,"column":null}}},"1":{"name":"(anonymous_9)","decl":{"start":{"line":23,"column":10},"end":{"line":23,"column":23}},"loc":{"start":{"line":23,"column":34},"end":{"line":30,"column":null}}},"2":{"name":"(anonymous_11)","decl":{"start":{"line":32,"column":10},"end":{"line":32,"column":23}},"loc":{"start":{"line":32,"column":51},"end":{"line":40,"column":null}}},"3":{"name":"(anonymous_13)","decl":{"start":{"line":42,"column":10},"end":{"line":42,"column":27}},"loc":{"start":{"line":42,"column":27},"end":{"line":45,"column":null}}}},"branchMap":{"0":{"loc":{"start":{"line":24,"column":8},"end":{"line":29,"column":null}},"type":"if","locations":[{"start":{"line":24,"column":8},"end":{"line":29,"column":null}},{"start":{"line":29,"column":13},"end":{"line":29,"column":null}}]},"1":{"loc":{"start":{"line":33,"column":8},"end":{"line":39,"column":null}},"type":"if","locations":[{"start":{"line":33,"column":8},"end":{"line":39,"column":null}},{"start":{"line":39,"column":13},"end":{"line":39,"column":null}}]}},"s":{"0":1,"1":1,"2":1,"3":0,"4":0,"5":0,"6":0,"7":0,"8":0,"9":0,"10":0,"11":0,"12":0,"13":0,"14":0,"15":0,"16":0,"17":0},"f":{"0":0,"1":0,"2":0,"3":0},"b":{"0":[0,0],"1":[0,0]}}
,"C:\\Users\\Admin\\Desktop\\projects\\blogs_and_posts_hw10_mongoose\\src\\repositories\\db.ts": {"path":"C:\\Users\\Admin\\Desktop\\projects\\blogs_and_posts_hw10_mongoose\\src\\repositories\\db.ts","statementMap":{"0":{"start":{"line":2,"column":0},"end":{"line":2,"column":32}},"1":{"start":{"line":3,"column":0},"end":{"line":3,"column":null}},"2":{"start":{"line":5,"column":0},"end":{"line":5,"column":32}},"3":{"start":{"line":7,"column":17},"end":{"line":7,"column":38}},"4":{"start":{"line":13,"column":4},"end":{"line":25,"column":null}},"5":{"start":{"line":15,"column":8},"end":{"line":17,"column":null}},"6":{"start":{"line":16,"column":12},"end":{"line":16,"column":null}},"7":{"start":{"line":18,"column":8},"end":{"line":18,"column":null}},"8":{"start":{"line":19,"column":8},"end":{"line":19,"column":null}},"9":{"start":{"line":22,"column":8},"end":{"line":22,"column":null}},"10":{"start":{"line":24,"column":8},"end":{"line":24,"column":null}},"11":{"start":{"line":12,"column":0},"end":{"line":12,"column":22}}},"fnMap":{"0":{"name":"runDb","decl":{"start":{"line":12,"column":22},"end":{"line":12,"column":27}},"loc":{"start":{"line":12,"column":27},"end":{"line":26,"column":null}}}},"branchMap":{"0":{"loc":{"start":{"line":15,"column":8},"end":{"line":17,"column":null}},"type":"if","locations":[{"start":{"line":15,"column":8},"end":{"line":17,"column":null}}]}},"s":{"0":1,"1":1,"2":1,"3":1,"4":1,"5":1,"6":0,"7":1,"8":0,"9":0,"10":0,"11":1},"f":{"0":1},"b":{"0":[0]}}
,"C:\\Users\\Admin\\Desktop\\projects\\blogs_and_posts_hw10_mongoose\\src\\repositories\\post-query-repository.ts": {"path":"C:\\Users\\Admin\\Desktop\\projects\\blogs_and_posts_hw10_mongoose\\src\\repositories\\post-query-repository.ts","statementMap":{"0":{"start":{"line":4,"column":0},"end":{"line":4,"column":46}},"1":{"start":{"line":5,"column":0},"end":{"line":5,"column":49}},"2":{"start":{"line":6,"column":0},"end":{"line":6,"column":45}},"3":{"start":{"line":7,"column":0},"end":{"line":7,"column":33}},"4":{"start":{"line":9,"column":13},"end":{"line":113,"column":null}},"5":{"start":{"line":17,"column":25},"end":{"line":17,"column":59}},"6":{"start":{"line":19,"column":20},"end":{"line":23,"column":19}},"7":{"start":{"line":25,"column":23},"end":{"line":35,"column":10}},"8":{"start":{"line":26,"column":12},"end":{"line":34,"column":null}},"9":{"start":{"line":37,"column":24},"end":{"line":37,"column":58}},"10":{"start":{"line":39,"column":65},"end":{"line":45,"column":null}},"11":{"start":{"line":46,"column":8},"end":{"line":46,"column":null}},"12":{"start":{"line":57,"column":20},"end":{"line":61,"column":19}},"13":{"start":{"line":63,"column":23},"end":{"line":73,"column":10}},"14":{"start":{"line":64,"column":12},"end":{"line":72,"column":null}},"15":{"start":{"line":75,"column":25},"end":{"line":75,"column":75}},"16":{"start":{"line":77,"column":24},"end":{"line":77,"column":58}},"17":{"start":{"line":79,"column":66},"end":{"line":85,"column":null}},"18":{"start":{"line":86,"column":8},"end":{"line":86,"column":null}},"19":{"start":{"line":90,"column":8},"end":{"line":92,"column":null}},"20":{"start":{"line":91,"column":12},"end":{"line":91,"column":null}},"21":{"start":{"line":93,"column":18},"end":{"line":93,"column":34}},"22":{"start":{"line":94,"column":33},"end":{"line":94,"column":68}},"23":{"start":{"line":95,"column":8},"end":{"line":97,"column":null}},"24":{"start":{"line":96,"column":12},"end":{"line":96,"column":null}},"25":{"start":{"line":98,"column":8},"end":{"line":106,"column":null}}},"fnMap":{"0":{"name":"(anonymous_7)","decl":{"start":{"line":11,"column":10},"end":{"line":11,"column":21}},"loc":{"start":{"line":15,"column":24},"end":{"line":48,"column":null}}},"1":{"name":"(anonymous_9)","decl":{"start":{"line":25,"column":33},"end":{"line":25,"column":34}},"loc":{"start":{"line":25,"column":55},"end":{"line":35,"column":9}}},"2":{"name":"(anonymous_10)","decl":{"start":{"line":50,"column":10},"end":{"line":50,"column":30}},"loc":{"start":{"line":55,"column":24},"end":{"line":87,"column":null}}},"3":{"name":"(anonymous_12)","decl":{"start":{"line":63,"column":33},"end":{"line":63,"column":34}},"loc":{"start":{"line":63,"column":55},"end":{"line":73,"column":9}}},"4":{"name":"(anonymous_13)","decl":{"start":{"line":89,"column":10},"end":{"line":89,"column":21}},"loc":{"start":{"line":89,"column":32},"end":{"line":107,"column":null}}}},"branchMap":{"0":{"loc":{"start":{"line":90,"column":8},"end":{"line":92,"column":null}},"type":"if","locations":[{"start":{"line":90,"column":8},"end":{"line":92,"column":null}}]},"1":{"loc":{"start":{"line":95,"column":8},"end":{"line":97,"column":null}},"type":"if","locations":[{"start":{"line":95,"column":8},"end":{"line":97,"column":null}}]}},"s":{"0":1,"1":1,"2":1,"3":1,"4":1,"5":0,"6":0,"7":0,"8":0,"9":0,"10":0,"11":0,"12":0,"13":0,"14":0,"15":0,"16":0,"17":0,"18":0,"19":0,"20":0,"21":0,"22":0,"23":0,"24":0,"25":0},"f":{"0":0,"1":0,"2":0,"3":0,"4":0},"b":{"0":[0],"1":[0]}}
[...]
"column":8},"end":{"line":139,"column":null}},"59":{"start":{"line":136,"column":12},"end":{"line":136,"column":null}},"60":{"start":{"line":138,"column":12},"end":{"line":138,"column":null}},"61":{"start":{"line":143,"column":0},"end":{"line":152,"column":null}},"62":{"start":{"line":145,"column":72},"end":{"line":152,"column":6}},"63":{"start":{"line":146,"column":26},"end":{"line":146,"column":74}},"64":{"start":{"line":147,"column":8},"end":{"line":151,"column":null}},"65":{"start":{"line":148,"column":12},"end":{"line":148,"column":null}},"66":{"start":{"line":150,"column":12},"end":{"line":150,"column":32}}},"fnMap":{"0":{"name":"(anonymous_7)","decl":{"start":{"line":38,"column":21},"end":{"line":38,"column":28}},"loc":{"start":{"line":38,"column":92},"end":{"line":49,"column":2}}},"1":{"name":"(anonymous_8)","decl":{"start":{"line":38,"column":92},"end":{"line":38,"column":null}},"loc":{"start":{"line":38,"column":92},"end":{"line":49,"column":1}}},"2":{"name":"(anonymous_9)","decl":{"start":{"line":52,"column":28},"end":{"line":52,"column":35}},"loc":{"start":{"line":52,"column":86},"end":{"line":59,"column":2}}},"3":{"name":"(anonymous_10)","decl":{"start":{"line":52,"column":86},"end":{"line":52,"column":null}},"loc":{"start":{"line":52,"column":86},"end":{"line":59,"column":1}}},"4":{"name":"(anonymous_11)","decl":{"start":{"line":69,"column":4},"end":{"line":69,"column":11}},"loc":{"start":{"line":69,"column":67},"end":{"line":76,"column":6}}},"5":{"name":"(anonymous_12)","decl":{"start":{"line":69,"column":67},"end":{"line":69,"column":null}},"loc":{"start":{"line":69,"column":67},"end":{"line":76,"column":5}}},"6":{"name":"(anonymous_13)","decl":{"start":{"line":83,"column":4},"end":{"line":83,"column":11}},"loc":{"start":{"line":83,"column":102},"end":{"line":95,"column":6}}},"7":{"name":"(anonymous_14)","decl":{"start":{"line":83,"column":102},"end":{"line":83,"column":null}},"loc":{"start":{"line":83,"column":102},"end":{"line":95,"column":5}}},"8":{"name":"(anonymous_15)","decl":{"start":{"line":99,"column":4},"end":{"line":99,"column":11}},"loc":{"start":{"line":99,"column":115},"end":{"line":118,"column":6}}},"9":{"name":"(anonymous_16)","decl":{"start":{"line":99,"column":115},"end":{"line":99,"column":null}},"loc":{"start":{"line":99,"column":115},"end":{"line":118,"column":5}}},"10":{"name":"(anonymous_17)","decl":{"start":{"line":128,"column":4},"end":{"line":128,"column":11}},"loc":{"start":{"line":128,"column":96},"end":{"line":140,"column":6}}},"11":{"name":"(anonymous_18)","decl":{"start":{"line":128,"column":96},"end":{"line":128,"column":null}},"loc":{"start":{"line":128,"column":96},"end":{"line":140,"column":5}}},"12":{"name":"(anonymous_19)","decl":{"start":{"line":145,"column":4},"end":{"line":145,"column":11}},"loc":{"start":{"line":145,"column":72},"end":{"line":152,"column":6}}},"13":{"name":"(anonymous_20)","decl":{"start":{"line":145,"column":72},"end":{"line":145,"column":null}},"loc":{"start":{"line":145,"column":72},"end":{"line":152,"column":5}}}},"branchMap":{"0":{"loc":{"start":{"line":40,"column":21},"end":{"line":40,"column":70}},"type":"cond-expr","locations":[{"start":{"line":40,"column":40},"end":{"line":40,"column":56}},{"start":{"line":40,"column":59},"end":{"line":40,"column":70}}]},"1":{"loc":{"start":{"line":41,"column":28},"end":{"line":41,"column":86}},"type":"cond-expr","locations":[{"start":{"line":41,"column":54},"end":{"line":41,"column":77}},{"start":{"line":41,"column":80},"end":{"line":41,"column":86}}]},"2":{"loc":{"start":{"line":42,"column":25},"end":{"line":42,"column":74}},"type":"cond-expr","locations":[{"start":{"line":42,"column":48},"end":{"line":42,"column":68}},{"start":{"line":42,"column":71},"end":{"line":42,"column":74}}]},"3":{"loc":{"start":{"line":43,"column":23},"end":{"line":43,"column":69}},"type":"cond-expr","locations":[{"start":{"line":43,"column":44},"end":{"line":43,"column":62}},{"start":{"line":43,"column":65},"end":{"line":43,"column":69}}]},"4":{"loc":{"start":{"line":54,"column":4},"end":{"line":58,"column":null}},"type":"if","locations":[{"start":{"line":54,"column":4},"end":{"line":58,"column":null}},{"start":{"line":56,"column":11},"end":{"line":58,"column":null}}]},"5":{"loc":{"start":{"line":85,"column":8},"end":{"line":88,"column":null}},"type":"if","locations":[{"start":{"line":85,"column":8},"end":{"line":88,"column":null}}]},"6":{"loc":{"start":{"line":101,"column":8},"end":{"line":117,"column":null}},"type":"if","locations":[{"start":{"line":101,"column":8},"end":{"line":117,"column":null}},{"start":{"line":103,"column":15},"end":{"line":117,"column":null}}]},"7":{"loc":{"start":{"line":106,"column":29},"end":{"line":106,"column":78}},"type":"cond-expr","locations":[{"start":{"line":106,"column":48},"end":{"line":106,"column":64}},{"start":{"line":106,"column":67},"end":{"line":106,"column":78}}]},"8":{"loc":{"start":{"line":107,"column":36},"end":{"line":107,"column":94}},"type":"cond-expr","locations":[{"start":{"line":107,"column":62},"end":{"line":107,"column":85}},{"start":{"line":107,"column":88},"end":{"line":107,"column":94}}]},"9":{"loc":{"start":{"line":108,"column":33},"end":{"line":108,"column":82}},"type":"cond-expr","locations":[{"start":{"line":108,"column":56},"end":{"line":108,"column":76}},{"start":{"line":108,"column":79},"end":{"line":108,"column":82}}]},"10":{"loc":{"start":{"line":109,"column":31},"end":{"line":109,"column":77}},"type":"cond-expr","locations":[{"start":{"line":109,"column":52},"end":{"line":109,"column":70}},{"start":{"line":109,"column":73},"end":{"line":109,"column":77}}]},"11":{"loc":{"start":{"line":111,"column":16},"end":{"line":113,"column":null}},"type":"if","locations":[{"start":{"line":111,"column":16},"end":{"line":113,"column":null}}]},"12":{"loc":{"start":{"line":135,"column":8},"end":{"line":139,"column":null}},"type":"if","locations":[{"start":{"line":135,"column":8},"end":{"line":139,"column":null}},{"start":{"line":137,"column":15},"end":{"line":139,"column":null}}]},"13":{"loc":{"start":{"line":147,"column":8},"end":{"line":151,"column":null}},"type":"if","locations":[{"start":{"line":147,"column":8},"end":{"line":151,"column":null}},{"start":{"line":149,"column":15},"end":{"line":151,"column":null}}]}},"s":{"0":1,"1":1,"2":1,"3":1,"4":1,"5":1,"6":1,"7":1,"8":1,"9":1,"10":1,"11":1,"12":1,"13":0,"14":0,"15":0,"16":0,"17":0,"18":0,"19":0,"20":0,"21":0,"22":1,"23":0,"24":0,"25":0,"26":0,"27":0,"28":1,"29":0,"30":0,"31":0,"32":1,"33":0,"34":0,"35":0,"36":0,"37":0,"38":0,"39":0,"40":1,"41":0,"42":0,"43":0,"44":0,"45":0,"46":0,"47":0,"48":0,"49":0,"50":0,"51":0,"52":0,"53":0,"54":0,"55":1,"56":0,"57":0,"58":0,"59":0,"60":0,"61":1,"62":0,"63":0,"64":0,"65":0,"66":0},"f":{"0":0,"1":0,"2":0,"3":0,"4":0,"5":0,"6":0,"7":0,"8":0,"9":0,"10":0,"11":0,"12":0,"13":0},"b":{"0":[0,0],"1":[0,0],"2":[0,0],"3":[0,0],"4":[0,0],"5":[0],"6":[0,0],"7":[0,0],"8":[0,0],"9":[0,0],"10":[0,0],"11":[0],"12":[0,0],"13":[0,0]}}
,"C:\\Users\\Admin\\Desktop\\projects\\blogs_and_posts_hw10_mongoose\\src\\routes\\security-route.ts": {"path":"C:\\Users\\Admin\\Desktop\\projects\\blogs_and_posts_hw10_mongoose\\src\\routes\\security-route.ts","statementMap":{"0":{"start":{"line":1,"column":0},"end":{"line":1,"column":50}},"1":{"start":{"line":2,"column":0},"end":{"line":2,"column":71}},"2":{"start":{"line":3,"column":0},"end":{"line":3,"column":55}},"3":{"start":{"line":6,"column":0},"end":{"line":6,"column":68}},"4":{"start":{"line":8,"column":13},"end":{"line":8,"column":null}},"5":{"start":{"line":10,"column":0},"end":{"line":15,"column":null}},"6":{"start":{"line":12,"column":42},"end":{"line":15,"column":2}},"7":{"start":{"line":13,"column":25},"end":{"line":13,"column":78}},"8":{"start":{"line":14,"column":8},"end":{"line":14,"column":null}},"9":{"start":{"line":17,"column":0},"end":{"line":23,"column":null}},"10":{"start":{"line":19,"column":42},"end":{"line":23,"column":6}},"11":{"start":{"line":20,"column":41},"end":{"line":20,"column":120}},"12":{"start":{"line":21,"column":8},"end":{"line":22,"column":null}},"13":{"start":{"line":21,"column":38},"end":{"line":21,"column":null}},"14":{"start":{"line":22,"column":13},"end":{"line":22,"column":null}},"15":{"start":{"line":25,"column":0},"end":{"line":35,"column":null}},"16":{"start":{"line":28,"column":57},"end":{"line":35,"column":6}},"17":{"start":{"line":29,"column":32},"end":{"line":29,"column":105}},"18":{"start":{"line":30,"column":8},"end":{"line":34,"column":null}},"19":{"start":{"line":31,"column":12},"end":{"line":31,"column":null}},"20":{"start":{"line":33,"column":12},"end":{"line":33,"column":null}}},"fnMap":{"0":{"name":"(anonymous_7)","decl":{"start":{"line":12,"column":4},"end":{"line":12,"column":11}},"loc":{"start":{"line":12,"column":42},"end":{"line":15,"column":2}}},"1":{"name":"(anonymous_8)","decl":{"start":{"line":12,"column":42},"end":{"line":12,"column":null}},"loc":{"start":{"line":12,"column":42},"end":{"line":15,"column":1}}},"2":{"name":"(anonymous_9)","decl":{"start":{"line":19,"column":4},"end":{"line":19,"column":11}},"loc":{"start":{"line":19,"column":42},"end":{"line":23,"column":6}}},"3":{"name":"(anonymous_10)","decl":{"start":{"line":19,"column":42},"end":{"line":19,"column":null}},"loc":{"start":{"line":19,"column":42},"end":{"line":23,"column":5}}},"4":{"name":"(anonymous_11)","decl":{"start":{"line":28,"column":4},"end":{"line":28,"column":11}},"loc":{"start":{"line":28,"column":57},"end":{"line":35,"column":6}}},"5":{"name":"(anonymous_12)","decl":{"start":{"line":28,"column":57},"end":{"line":28,"column":null}},"loc":{"start":{"line":28,"column":57},"end":{"line":35,"column":5}}}},"branchMap":{"0":{"loc":{"start":{"line":21,"column":8},"end":{"line":22,"column":null}},"type":"if","locations":[{"start":{"line":21,"column":8},"end":{"line":22,"column":null}},{"start":{"line":22,"column":13},"end":{"line":22,"column":null}}]},"1":{"loc":{"start":{"line":30,"column":8},"end":{"line":34,"column":null}},"type":"if","locations":[{"start":{"line":30,"column":8},"end":{"line":34,"column":null}},{"start":{"line":32,"column":15},"end":{"line":34,"column":null}}]}},"s":{"0":1,"1":1,"2":1,"3":1,"4":1,"5":1,"6":0,"7":0,"8":0,"9":1,"10":0,"11":0,"12":0,"13":0,"14":0,"15":1,"16":0,"17":0,"18":0,"19":0,"20":0},"f":{"0":0,"1":0,"2":0,"3":0,"4":0,"5":0},"b":{"0":[0,0],"1":[0,0]}}
,"C:\\Users\\Admin\\Desktop\\projects\\blogs_and_posts_hw10_mongoose\\src\\routes\\testing-route.ts": {"path":"C:\\Users\\Admin\\Desktop\\projects\\blogs_and_posts_hw10_mongoose\\src\\routes\\testing-route.ts","statementMap":{"0":{"start":{"line":1,"column":0},"end":{"line":1,"column":50}},"1":{"start":{"line":2,"column":0},"end":{"line":2,"column":53}},"2":{"start":{"line":3,"column":0},"end":{"line":3,"column":53}},"3":{"start":{"line":5,"column":0},"end":{"line":5,"column":53}},"4":{"start":{"line":7,"column":0},"end":{"line":7,"column":57}},"5":{"start":{"line":8,"column":0},"end":{"line":8,"column":55}},"6":{"start":{"line":10,"column":13},"end":{"line":10,"column":null}},"7":{"start":{"line":12,"column":0},"end":{"line":27,"column":null}},"8":{"start":{"line":13,"column":42},"end":{"line":27,"column":6}},"9":{"start":{"line":15,"column":31},"end":{"line":15,"column":66}},"10":{"start":{"line":16,"column":31},"end":{"line":16,"column":66}},"11":{"start":{"line":17,"column":31},"end":{"line":17,"column":66}},"12":{"start":{"line":18,"column":34},"end":{"line":18,"column":74}},"13":{"start":{"line":19,"column":37},"end":{"line":19,"column":75}},"14":{"start":{"line":20,"column":8},"end":{"line":24,"column":null}},"15":{"start":{"line":21,"column":12},"end":{"line":21,"column":null}},"16":{"start":{"line":23,"column":12},"end":{"line":23,"column":32}}},"fnMap":{"0":{"name":"(anonymous_7)","decl":{"start":{"line":13,"column":4},"end":{"line":13,"column":11}},"loc":{"start":{"line":13,"column":42},"end":{"line":27,"column":6}}},"1":{"name":"(anonymous_8)","decl":{"start":{"line":13,"column":42},"end":{"line":13,"column":null}},"loc":{"start":{"line":13,"column":42},"end":{"line":27,"column":5}}}},"branchMap":{"0":{"loc":{"start":{"line":20,"column":8},"end":{"line":24,"column":null}},"type":"if","locations":[{"start":{"line":20,"column":8},"end":{"line":24,"column":null}},{"start":{"line":22,"column":15},"end":{"line":24,"column":null}}]},"1":{"loc":{"start":{"line":20,"column":12},"end":{"line":20,"column":107}},"type":"binary-expr","locations":[{"start":{"line":20,"column":12},"end":{"line":20,"column":26}},{"start":{"line":20,"column":30},"end":{"line":20,"column":44}},{"start":{"line":20,"column":48},"end":{"line":20,"column":62}},{"start":{"line":20,"column":66},"end":{"line":20,"column":83}},{"start":{"line":20,"column":87},"end":{"line":20,"column":107}}]}},"s":{"0":1,"1":1,"2":1,"3":1,"4":1,"5":1,"6":1,"7":1,"8":0,"9":0,"10":0,"11":0,"12":0,"13":0,"14":0,"15":0,"16":0},"f":{"0":0,"1":0},"b":{"0":[0,0],"1":[0,0,0,0,0]}}
,"C:\\Users\\Admin\\Desktop\\projects\\blogs_and_posts_hw10_mongoose\\src\\routes\\users-route.ts": {"path":"C:\\Users\\Admin\\Desktop\\projects\\blogs_and_posts_hw10_mongoose\\src\\routes\\users-route.ts","statementMap":{"0":{"start":{"line":1,"column":0},"end":{"line":1,"column":41}},"1":{"start":{"line":5,"column":0},"end":{"line":5,"column":53}},"2":{"start":{"line":6,"column":0},"end":{"line":6,"column":73}},"3":{"start":{"line":7,"column":0},"end":{"line":7,"column":null}},"4":{"start":{"line":14,"column":0},"end":{"line":14,"column":70}},"5":{"start":{"line":16,"column":13},"end":{"line":16,"column":null}},"6":{"start":{"line":19,"column":0},"end":{"line":40,"column":null}},"7":{"start":{"line":25,"column":66},"end":{"line":40,"column":6}},"8":{"start":{"line":26,"column":8},"end":{"line":39,"column":null}},"9":{"start":{"line":27,"column":30},"end":{"line":30,"column":31}},"10":{"start":{"line":31,"column":28},"end":{"line":31,"column":71}},"11":{"start":{"line":32,"column":12},"end":{"line":34,"column":null}},"12":{"start":{"line":33,"column":16},"end":{"line":33,"column":null}},"13":{"start":{"line":35,"column":12},"end":{"line":35,"column":null}},"14":{"start":{"line":38,"column":12},"end":{"line":38,"column":null}},"15":{"start":{"line":42,"column":0},"end":{"line":57,"column":null}},"16":{"start":{"line":44,"column":71},"end":{"line":57,"column":6}},"17":{"start":{"line":45,"column":4},"end":{"line":56,"column":null}},"18":{"start":{"line":46,"column":30},"end":{"line":46,"column":74}},"19":{"start":{"line":47,"column":8},"end":{"line":52,"column":null}},"20":{"start":{"line":48,"column":12},"end":{"line":48,"column":null}},"21":{"start":{"line":51,"column":12},"end":{"line":51,"column":null}},"22":{"start":{"line":55,"column":8},"end":{"line":55,"column":null}},"23":{"start":{"line":59,"column":0},"end":{"line":76,"column":null}},"24":{"start":{"line":61,"column":75},"end":{"line":76,"column":6}},"25":{"start":{"line":62,"column":4},"end":{"line":74,"column":null}},"26":{"start":{"line":63,"column":21},"end":{"line":63,"column":69}},"27":{"start":{"line":64,"column":28},"end":{"line":64,"column":85}},"28":{"start":{"line":65,"column":25},"end":{"line":65,"column":73}},"29":{"start":{"line":66,"column":23},"end":{"line":66,"column":68}},"30":{"start":{"line":67,"column":30},"end":{"line":67,"column":87}},"31":{"start":{"line":68,"column":30},"end":{"line":68,"column":87}},"32":{"start":{"line":69,"column":25},"end":{"line":69,"column":136}},"33":{"start":{"line":70,"column":8},"end":{"line":70,"column":null}},"34":{"start":{"line":73,"column":8},"end":{"line":73,"column":null}}},"fnMap":{"0":{"name":"(anonymous_7)","decl":{"start":{"line":25,"column":4},"end":{"line":25,"column":11}},"loc":{"start":{"line":25,"column":66},"end":{"line":40,"column":6}}},"1":{"name":"(anonymous_8)","decl":{"start":{"line":25,"column":66},"end":{"line":25,"column":null}},"loc":{"start":{"line":25,"column":66},"end":{"line":40,"column":5}}},"2":{"name":"(anonymous_9)","decl":{"start":{"line":44,"column":4},"end":{"line":44,"column":11}},"loc":{"start":{"line":44,"column":71},"end":{"line":57,"column":6}}},"3":{"name":"(anonymous_10)","decl":{"start":{"line":44,"column":71},"end":{"line":44,"column":null}},"loc":{"start":{"line":44,"column":71},"end":{"line":57,"column":5}}},"4":{"name":"(anonymous_11)","decl":{"start":{"line":61,"column":4},"end":{"line":61,"column":11}},"loc":{"start":{"line":61,"column":75},"end":{"line":76,"column":6}}},"5":{"name":"(anonymous_12)","decl":{"start":{"line":61,"column":75},"end":{"line":61,"column":null}},"loc":{"start":{"line":61,"column":75},"end":{"line":76,"column":5}}}},"branchMap":{"0":{"loc":{"start":{"line":32,"column":12},"end":{"line":34,"column":null}},"type":"if","locations":[{"start":{"line":32,"column":12},"end":{"line":34,"column":null}}]},"1":{"loc":{"start":{"line":47,"column":8},"end":{"line":52,"column":null}},"type":"if","locations":[{"start":{"line":47,"column":8},"end":{"line":52,"column":null}},{"start":{"line":50,"column":13},"end":{"line":52,"column":null}}]},"2":{"loc":{"start":{"line":63,"column":21},"end":{"line":63,"column":69}},"type":"cond-expr","locations":[{"start":{"line":63,"column":40},"end":{"line":63,"column":56}},{"start":{"line":63,"column":58},"end":{"line":63,"column":69}}]},"3":{"loc":{"start":{"line":64,"column":28},"end":{"line":64,"column":85}},"type":"cond-expr","locations":[{"start":{"line":64,"column":54},"end":{"line":64,"column":77}},{"start":{"line":64,"column":79},"end":{"line":64,"column":85}}]},"4":{"loc":{"start":{"line":65,"column":25},"end":{"line":65,"column":73}},"type":"cond-expr","locations":[{"start":{"line":65,"column":48},"end":{"line":65,"column":68}},{"start":{"line":65,"column":70},"end":{"line":65,"column":73}}]},"5":{"loc":{"start":{"line":66,"column":23},"end":{"line":66,"column":68}},"type":"cond-expr","locations":[{"start":{"line":66,"column":44},"end":{"line":66,"column":62}},{"start":{"line":66,"column":64},"end":{"line":66,"column":68}}]},"6":{"loc":{"start":{"line":67,"column":30},"end":{"line":67,"column":87}},"type":"cond-expr","locations":[{"start":{"line":67,"column":58},"end":{"line":67,"column":83}},{"start":{"line":67,"column":85},"end":{"line":67,"column":87}}]},"7":{"loc":{"start":{"line":68,"column":30},"end":{"line":68,"column":87}},"type":"cond-expr","locations":[{"start":{"line":68,"column":58},"end":{"line":68,"column":83}},{"start":{"line":68,"column":85},"end":{"line":68,"column":87}}]}},"s":{"0":1,"1":1,"2":1,"3":1,"4":1,"5":1,"6":1,"7":0,"8":0,"9":0,"10":0,"11":0,"12":0,"13":0,"14":0,"15":1,"16":0,"17":0,"18":0,"19":0,"20":0,"21":0,"22":0,"23":1,"24":0,"25":0,"26":0,"27":0,"28":0,"29":0,"30":0,"31":0,"32":0,"33":0,"34":0},"f":{"0":0,"1":0,"2":0,"3":0,"4":0,"5":0},"b":{"0":[0],"1":[0,0],"2":[0,0],"3":[0,0],"4":[0,0],"5":[0,0],"6":[0,0],"7":[0,0]}}
,"C:\\Users\\Admin\\Desktop\\projects\\blogs_and_posts_hw10_mongoose\\src\\schemes\\schemes.ts": {"path":"C:\\Users\\Admin\\Desktop\\projects\\blogs_and_posts_hw10_mongoose\\src\\schemes\\schemes.ts","statementMap":{"0":{"start":{"line":1,"column":0},"end":{"line":1,"column":32}},"1":{"start":{"line":2,"column":0},"end":{"line":2,"column":33}},"2":{"start":{"line":6,"column":13},"end":{"line":29,"column":null}},"3":{"start":{"line":30,"column":13},"end":{"line":30,"column":null}},"4":{"start":{"line":32,"column":13},"end":{"line":39,"column":null}},"5":{"start":{"line":40,"column":13},"end":{"line":40,"column":null}},"6":{"start":{"line":42,"column":13},"end":{"line":50,"column":null}},"7":{"start":{"line":51,"column":13},"end":{"line":51,"column":null}},"8":{"start":{"line":53,"column":13},"end":{"line":61,"column":null}},"9":{"start":{"line":62,"column":13},"end":{"line":62,"column":null}},"10":{"start":{"line":64,"column":13},"end":{"line":71,"column":null}},"11":{"start":{"line":72,"column":13},"end":{"line":72,"column":null}}},"fnMap":{},"branchMap":{},"s":{"0":1,"1":1,"2":1,"3":1,"4":1,"5":1,"6":1,"7":1,"8":1,"9":1,"10":1,"11":1},"f":{},"b":{}}
}
