TN:
SF:src\index.ts
FN:33,(anonymous_8)
FN:33,(anonymous_9)
FN:35,(anonymous_10)
FNF:3
FNH:2
FNDA:1,(anonymous_8)
FNDA:1,(anonymous_9)
FNDA:0,(anonymous_10)
DA:3,1
DA:4,1
DA:5,1
DA:6,1
DA:7,1
DA:8,1
DA:9,1
DA:10,1
DA:11,1
DA:12,1
DA:14,1
DA:17,1
DA:18,1
DA:19,1
DA:22,1
DA:23,1
DA:25,1
DA:26,1
DA:27,1
DA:28,1
DA:29,1
DA:30,1
DA:31,1
DA:33,1
DA:34,1
DA:35,0
DA:36,0
DA:40,1
LF:28
LH:26
BRDA:19,0,0,1
BRDA:19,0,1,1
BRF:2
BRH:2
end_of_record
TN:
SF:src\settings.ts
FNF:0
FNH:0
DA:1,1
LF:1
LH:1
BRDA:2,0,0,1
BRDA:2,0,1,1
BRF:2
BRH:2
end_of_record
TN:
SF:src\adapters\email-adapter.ts
FN:12,(anonymous_14)
FNF:1
FNH:0
FNDA:0,(anonymous_14)
DA:1,1
DA:2,1
DA:3,1
DA:5,1
DA:6,1
DA:7,1
DA:8,0
DA:11,1
DA:13,0
DA:20,0
LF:10
LH:7
BRDA:7,0,0,0
BRDA:7,1,0,1
BRDA:7,1,1,1
BRF:3
BRH:2
end_of_record
TN:
SF:src\application\functions.ts
FN:1,sort
FN:5,skipped
FNF:2
FNH:0
FNDA:0,sort
FNDA:0,skipped
DA:1,1
DA:2,0
DA:5,1
DA:6,0
LF:4
LH:2
BRDA:2,0,0,0
BRDA:2,0,1,0
BRF:2
BRH:0
end_of_record
TN:
SF:src\application\jwt-service.ts
FN:8,(anonymous_8)
FN:13,(anonymous_10)
FN:18,(anonymous_12)
FN:29,(anonymous_14)
FN:39,(anonymous_16)
FN:44,(anonymous_18)
FNF:6
FNH:0
FNDA:0,(anonymous_8)
FNDA:0,(anonymous_10)
FNDA:0,(anonymous_12)
FNDA:0,(anonymous_14)
FNDA:0,(anonymous_16)
FNDA:0,(anonymous_18)
DA:3,1
DA:4,1
DA:7,1
DA:9,0
DA:10,0
DA:14,0
DA:15,0
DA:19,0
DA:20,0
DA:22,0
DA:25,0
DA:30,0
DA:31,0
DA:32,0
DA:35,0
DA:40,0
DA:41,0
DA:45,0
DA:46,0
LF:19
LH:3
BRF:0
BRH:0
end_of_record
TN:
SF:src\domain\auth-service.ts
FN:20,(anonymous_14)
FN:32,(anonymous_16)
FN:65,(anonymous_18)
FN:75,(anonymous_20)
FN:94,(anonymous_22)
FN:113,(anonymous_24)
FN:118,(anonymous_26)
FN:130,(anonymous_28)
FN:135,(anonymous_30)
FN:145,(anonymous_32)
FN:163,(anonymous_34)
FN:168,(anonymous_36)
FNF:12
FNH:0
FNDA:0,(anonymous_14)
FNDA:0,(anonymous_16)
FNDA:0,(anonymous_18)
FNDA:0,(anonymous_20)
FNDA:0,(anonymous_22)
FNDA:0,(anonymous_24)
FNDA:0,(anonymous_26)
FNDA:0,(anonymous_28)
FNDA:0,(anonymous_30)
FNDA:0,(anonymous_32)
FNDA:0,(anonymous_34)
FNDA:0,(anonymous_36)
DA:1,1
DA:3,1
DA:4,1
DA:5,1
DA:6,1
DA:7,1
DA:8,1
DA:9,1
DA:10,1
DA:11,1
DA:19,1
DA:21,0
DA:22,0
DA:24,0
DA:30,1
DA:34,0
DA:37,0
DA:53,0
DA:55,0
DA:56,0
DA:59,0
DA:60,0
DA:62,0
DA:66,0
DA:67,0
DA:68,0
DA:69,0
DA:70,0
DA:72,0
DA:76,0
DA:84,0
DA:85,0
DA:88,0
DA:90,0
DA:91,0
DA:95,0
DA:103,0
DA:104,0
DA:107,0
DA:109,0
DA:110,0
DA:114,0
DA:115,0
DA:119,0
DA:120,0
DA:121,0
DA:122,0
DA:123,0
DA:124,0
DA:125,0
DA:127,0
DA:131,0
DA:132,0
DA:136,0
DA:137,0
DA:146,0
DA:147,0
DA:148,0
DA:149,0
DA:150,0
DA:151,0
DA:159,0
DA:160,0
DA:164,0
DA:165,0
DA:169,0
DA:170,0
DA:171,0
DA:172,0
DA:173,0
DA:174,0
DA:175,0
DA:176,0
LF:73
LH:12
BRDA:67,0,0,0
BRDA:68,1,0,0
BRDA:120,2,0,0
BRDA:121,3,0,0
BRF:4
BRH:0
end_of_record
TN:
SF:src\domain\blogs-service.ts
FN:9,(anonymous_7)
FN:22,(anonymous_9)
FN:26,(anonymous_11)
FN:30,(anonymous_13)
FNF:4
FNH:0
FNDA:0,(anonymous_7)
FNDA:0,(anonymous_9)
FNDA:0,(anonymous_11)
FNDA:0,(anonymous_13)
DA:1,1
DA:2,1
DA:7,1
DA:10,0
DA:18,0
DA:19,0
DA:23,0
DA:27,0
DA:31,0
LF:9
LH:3
BRF:0
BRH:0
end_of_record
TN:
SF:src\domain\check-service.ts
FN:5,(anonymous_7)
FNF:1
FNH:0
FNDA:0,(anonymous_7)
DA:1,1
DA:4,1
DA:6,0
DA:7,0
LF:4
LH:2
BRF:0
BRH:0
end_of_record
TN:
SF:src\domain\comment-service.ts
FN:12,(anonymous_7)
FN:27,(anonymous_9)
FN:33,(anonymous_11)
FN:37,(anonymous_13)
FNF:4
FNH:0
FNDA:0,(anonymous_7)
FNDA:0,(anonymous_9)
FNDA:0,(anonymous_11)
FNDA:0,(anonymous_13)
DA:1,1
DA:3,1
DA:8,1
DA:10,1
DA:13,0
DA:14,0
DA:23,0
DA:24,0
DA:30,0
DA:34,0
DA:38,0
LF:11
LH:4
BRF:0
BRH:0
end_of_record
TN:
SF:src\domain\device-service.ts
FN:9,(anonymous_7)
FN:14,(anonymous_9)
FN:19,(anonymous_11)
FN:24,(anonymous_13)
FN:29,(anonymous_15)
FN:36,(anonymous_17)
FN:41,(anonymous_19)
FNF:7
FNH:0
FNDA:0,(anonymous_7)
FNDA:0,(anonymous_9)
FNDA:0,(anonymous_11)
FNDA:0,(anonymous_13)
FNDA:0,(anonymous_15)
FNDA:0,(anonymous_17)
FNDA:0,(anonymous_19)
DA:2,1
DA:7,1
DA:10,0
DA:11,0
DA:15,0
DA:16,0
DA:20,0
DA:21,0
DA:25,0
DA:26,0
DA:30,0
DA:31,0
DA:32,0
DA:33,0
DA:37,0
DA:38,0
DA:42,0
LF:17
LH:2
BRDA:31,0,0,0
BRDA:31,0,1,0
BRF:2
BRH:0
end_of_record
TN:
SF:src\domain\posts-service.ts
FN:12,(anonymous_7)
FN:32,(anonymous_9)
FN:52,(anonymous_11)
FN:61,(anonymous_13)
FN:65,(anonymous_15)
FNF:5
FNH:0
FNDA:0,(anonymous_7)
FNDA:0,(anonymous_9)
FNDA:0,(anonymous_11)
FNDA:0,(anonymous_13)
FNDA:0,(anonymous_15)
DA:1,1
DA:2,1
DA:7,1
DA:10,1
DA:17,0
DA:18,0
DA:19,0
DA:28,0
DA:29,0
DA:37,0
DA:38,0
DA:39,0
DA:48,0
DA:49,0
DA:58,0
DA:62,0
DA:66,0
LF:17
LH:4
BRF:0
BRH:0
end_of_record
TN:
SF:src\domain\users-service.ts
FN:7,(anonymous_13)
FN:31,(anonymous_14)
FN:53,(anonymous_16)
FN:65,(anonymous_18)
FN:70,(anonymous_20)
FN:80,(anonymous_22)
FN:84,(anonymous_24)
FN:88,(anonymous_26)
FN:92,(anonymous_28)
FN:98,(anonymous_30)
FN:104,(anonymous_32)
FN:110,(anonymous_34)
FNF:12
FNH:0
FNDA:0,(anonymous_13)
FNDA:0,(anonymous_14)
FNDA:0,(anonymous_16)
FNDA:0,(anonymous_18)
FNDA:0,(anonymous_20)
FNDA:0,(anonymous_22)
FNDA:0,(anonymous_24)
FNDA:0,(anonymous_26)
FNDA:0,(anonymous_28)
FNDA:0,(anonymous_30)
FNDA:0,(anonymous_32)
FNDA:0,(anonymous_34)
DA:1,1
DA:3,1
DA:4,1
DA:5,1
DA:7,1
DA:13,0
DA:29,1
DA:33,0
DA:34,0
DA:36,0
DA:49,0
DA:50,0
DA:54,0
DA:55,0
DA:56,0
DA:58,0
DA:66,0
DA:67,0
DA:71,0
DA:72,0
DA:73,0
DA:74,0
DA:75,0
DA:77,0
DA:81,0
DA:85,0
DA:89,0
DA:93,0
DA:94,0
DA:95,0
DA:99,0
DA:100,0
DA:101,0
DA:105,0
DA:106,0
DA:107,0
DA:111,0
DA:112,0
DA:113,0
LF:39
LH:6
BRDA:55,0,0,0
BRDA:72,1,0,0
BRDA:74,2,0,0
BRDA:94,3,0,0
BRDA:94,3,1,0
BRDA:100,4,0,0
BRDA:100,4,1,0
BRDA:106,5,0,0
BRDA:106,5,1,0
BRDA:112,6,0,0
BRDA:112,6,1,0
BRF:11
BRH:0
end_of_record
TN:
SF:src\managers\email-manager.ts
FN:5,(anonymous_7)
FN:9,(anonymous_9)
FN:14,(anonymous_11)
FN:19,(anonymous_13)
FNF:4
FNH:0
FNDA:0,(anonymous_7)
FNDA:0,(anonymous_9)
FNDA:0,(anonymous_11)
FNDA:0,(anonymous_13)
DA:1,1
DA:4,1
DA:6,0
DA:10,0
DA:11,0
DA:15,0
DA:16,0
DA:20,0
DA:21,0
LF:9
LH:2
BRF:0
BRH:0
end_of_record
TN:
SF:src\middlewares\auth-rate-limiter.ts
FNF:0
FNH:0
DA:1,1
DA:5,1
LF:2
LH:2
BRF:0
BRH:0
end_of_record
TN:
SF:src\middlewares\basic-auth.middleware.ts
FN:9,(anonymous_7)
FN:27,(anonymous_8)
FN:27,(anonymous_9)
FN:44,(anonymous_10)
FN:44,(anonymous_11)
FNF:5
FNH:0
FNDA:0,(anonymous_7)
FNDA:0,(anonymous_8)
FNDA:0,(anonymous_9)
FNDA:0,(anonymous_10)
FNDA:0,(anonymous_11)
DA:4,1
DA:5,1
DA:6,1
DA:9,1
DA:11,0
DA:12,0
DA:13,0
DA:15,0
DA:16,0
DA:17,0
DA:19,0
DA:20,0
DA:21,0
DA:22,0
DA:24,0
DA:27,1
DA:28,0
DA:29,0
DA:30,0
DA:33,0
DA:35,0
DA:36,0
DA:37,0
DA:38,0
DA:39,0
DA:41,0
DA:44,1
DA:45,0
DA:46,0
DA:47,0
DA:48,0
DA:50,0
DA:51,0
DA:52,0
DA:53,0
DA:55,0
DA:56,0
DA:57,0
DA:58,0
DA:60,0
DA:61,0
DA:63,0
DA:64,0
DA:66,0
DA:67,0
DA:68,0
DA:69,0
DA:71,0
DA:72,0
DA:73,0
DA:74,0
LF:51
LH:6
BRDA:12,0,0,0
BRDA:16,1,0,0
BRDA:21,2,0,0
BRDA:21,3,0,0
BRDA:21,3,1,0
BRDA:28,4,0,0
BRDA:33,5,0,0
BRDA:33,5,1,0
BRDA:33,6,0,0
BRDA:33,6,1,0
BRDA:36,7,0,0
BRDA:46,8,0,0
BRDA:51,9,0,0
BRDA:56,10,0,0
BRDA:61,11,0,0
BRDA:64,12,0,0
BRDA:67,13,0,0
BRF:17
BRH:0
end_of_record
TN:
SF:src\middlewares\other-midlevares.ts
FN:10,(anonymous_7)
FN:10,(anonymous_8)
FN:24,(anonymous_9)
FN:24,(anonymous_10)
FN:39,(anonymous_11)
FN:39,(anonymous_12)
FNF:6
FNH:0
FNDA:0,(anonymous_7)
FNDA:0,(anonymous_8)
FNDA:0,(anonymous_9)
FNDA:0,(anonymous_10)
FNDA:0,(anonymous_11)
FNDA:0,(anonymous_12)
DA:4,1
DA:5,1
DA:6,1
DA:10,1
DA:11,0
DA:12,0
DA:13,0
DA:14,0
DA:15,0
DA:17,0
DA:18,0
DA:19,0
DA:21,0
DA:24,1
DA:25,0
DA:26,0
DA:27,0
DA:28,0
DA:29,0
DA:31,0
DA:32,0
DA:33,0
DA:34,0
DA:36,0
DA:39,1
DA:40,0
DA:41,0
DA:42,0
DA:43,0
DA:45,0
LF:30
LH:6
BRDA:13,0,0,0
BRDA:17,1,0,0
BRDA:27,2,0,0
BRDA:32,3,0,0
BRDA:41,4,0,0
BRF:5
BRH:0
end_of_record
TN:
SF:src\middlewares\input-validation-middleware\input-validation-middleware.ts
FN:12,(anonymous_7)
FN:16,(anonymous_8)
FN:34,(anonymous_9)
FN:34,(anonymous_10)
FN:59,(anonymous_11)
FN:59,(anonymous_12)
FN:77,(anonymous_13)
FN:77,(anonymous_14)
FN:81,(anonymous_15)
FN:81,(anonymous_16)
FN:90,(anonymous_17)
FN:90,(anonymous_18)
FN:94,(anonymous_19)
FN:94,(anonymous_20)
FN:103,(anonymous_21)
FN:103,(anonymous_22)
FN:153,(anonymous_23)
FN:153,(anonymous_24)
FNF:18
FNH:0
FNDA:0,(anonymous_7)
FNDA:0,(anonymous_8)
FNDA:0,(anonymous_9)
FNDA:0,(anonymous_10)
FNDA:0,(anonymous_11)
FNDA:0,(anonymous_12)
FNDA:0,(anonymous_13)
FNDA:0,(anonymous_14)
FNDA:0,(anonymous_15)
FNDA:0,(anonymous_16)
FNDA:0,(anonymous_17)
FNDA:0,(anonymous_18)
FNDA:0,(anonymous_19)
FNDA:0,(anonymous_20)
FNDA:0,(anonymous_21)
FNDA:0,(anonymous_22)
FNDA:0,(anonymous_23)
FNDA:0,(anonymous_24)
DA:3,1
DA:6,1
DA:7,1
DA:8,1
DA:12,1
DA:14,0
DA:15,0
DA:16,0
DA:17,0
DA:19,0
DA:22,0
DA:27,1
DA:34,0
DA:35,0
DA:36,0
DA:39,1
DA:46,1
DA:53,1
DA:59,0
DA:60,0
DA:61,0
DA:64,1
DA:71,1
DA:77,0
DA:78,0
DA:79,0
DA:81,0
DA:82,0
DA:83,0
DA:86,1
DA:90,0
DA:91,0
DA:92,0
DA:94,0
DA:95,0
DA:96,0
DA:99,1
DA:103,0
DA:104,0
DA:105,0
DA:109,1
DA:116,1
DA:122,1
DA:131,1
DA:137,1
DA:143,1
DA:149,1
DA:153,0
DA:154,0
DA:155,0
DA:156,0
DA:161,1
LF:52
LH:21
BRDA:15,0,0,0
BRDA:15,0,1,0
BRDA:36,1,0,0
BRDA:61,2,0,0
BRDA:79,3,0,0
BRDA:83,4,0,0
BRDA:92,5,0,0
BRDA:96,6,0,0
BRDA:105,7,0,0
BRDA:155,8,0,0
BRF:10
BRH:0
end_of_record
TN:
SF:src\repositories\blog-query-repository.ts
FN:8,sort
FN:12,skipped
FN:19,(anonymous_9)
FN:44,(anonymous_11)
FN:67,(anonymous_12)
FNF:5
FNH:0
FNDA:0,sort
FNDA:0,skipped
FNDA:0,(anonymous_9)
FNDA:0,(anonymous_11)
FNDA:0,(anonymous_12)
DA:3,1
DA:6,1
DA:9,0
DA:13,0
DA:17,1
DA:26,0
DA:29,0
DA:30,0
DA:37,0
DA:44,0
DA:45,0
DA:55,0
DA:57,0
DA:64,0
DA:68,0
DA:69,0
DA:71,0
DA:72,0
DA:73,0
DA:74,0
DA:76,0
LF:21
LH:3
BRDA:9,0,0,0
BRDA:9,0,1,0
BRDA:29,1,0,0
BRDA:29,1,1,0
BRDA:68,2,0,0
BRDA:73,3,0,0
BRF:6
BRH:0
end_of_record
TN:
SF:src\repositories\blogs-repository.ts
FN:10,(anonymous_7)
FN:24,(anonymous_9)
FN:41,(anonymous_11)
FN:51,(anonymous_13)
FNF:4
FNH:0
FNDA:0,(anonymous_7)
FNDA:0,(anonymous_9)
FNDA:0,(anonymous_11)
FNDA:0,(anonymous_13)
DA:2,1
DA:5,1
DA:8,1
DA:11,0
DA:12,0
DA:21,0
DA:25,0
DA:26,0
DA:27,0
DA:28,0
DA:29,0
DA:30,0
DA:31,0
DA:32,0
DA:35,0
DA:37,0
DA:42,0
DA:43,0
DA:44,0
DA:45,0
DA:47,0
DA:52,0
DA:53,0
LF:23
LH:3
BRDA:25,0,0,0
BRDA:25,0,1,0
BRDA:28,1,0,0
BRDA:42,2,0,0
BRDA:42,2,1,0
BRF:5
BRH:0
end_of_record
TN:
SF:src\repositories\comments-query-repository.ts
FN:10,(anonymous_7)
FN:25,(anonymous_9)
FN:48,(anonymous_10)
FNF:3
FNH:0
FNDA:0,(anonymous_7)
FNDA:0,(anonymous_9)
FNDA:0,(anonymous_10)
DA:2,1
DA:3,1
DA:5,1
DA:6,1
DA:8,1
DA:17,0
DA:19,0
DA:25,0
DA:26,0
DA:36,0
DA:38,0
DA:45,0
DA:49,0
DA:50,0
DA:52,0
DA:53,0
DA:54,0
DA:55,0
DA:57,0
LF:19
LH:5
BRDA:49,0,0,0
BRDA:54,1,0,0
BRF:2
BRH:0
end_of_record
TN:
SF:src\repositories\comments-repository.ts
FN:11,(anonymous_7)
FN:23,(anonymous_9)
FN:32,(anonymous_11)
FN:42,(anonymous_13)
FNF:4
FNH:0
FNDA:0,(anonymous_7)
FNDA:0,(anonymous_9)
FNDA:0,(anonymous_11)
FNDA:0,(anonymous_13)
DA:2,1
DA:5,1
DA:9,1
DA:12,0
DA:13,0
DA:20,0
DA:24,0
DA:25,0
DA:26,0
DA:27,0
DA:29,0
DA:33,0
DA:34,0
DA:35,0
DA:37,0
DA:39,0
DA:43,0
DA:44,0
LF:18
LH:3
BRDA:24,0,0,0
BRDA:24,0,1,0
BRDA:33,1,0,0
BRDA:33,1,1,0
BRF:4
BRH:0
end_of_record
TN:
SF:src\repositories\db.ts
FN:12,runDb
FNF:1
FNH:1
FNDA:1,runDb
DA:2,1
DA:3,1
DA:5,1
DA:7,1
DA:12,1
DA:13,1
DA:15,1
DA:16,0
DA:18,1
DA:19,0
DA:22,0
DA:24,0
LF:12
LH:8
BRDA:15,0,0,0
BRF:1
BRH:0
end_of_record
TN:
SF:src\repositories\post-query-repository.ts
FN:11,(anonymous_7)
FN:25,(anonymous_9)
FN:50,(anonymous_10)
FN:63,(anonymous_12)
FN:89,(anonymous_13)
FNF:5
FNH:0
FNDA:0,(anonymous_7)
FNDA:0,(anonymous_9)
FNDA:0,(anonymous_10)
FNDA:0,(anonymous_12)
FNDA:0,(anonymous_13)
DA:4,1
DA:5,1
DA:6,1
DA:7,1
DA:9,1
DA:17,0
DA:19,0
DA:25,0
DA:26,0
DA:37,0
DA:39,0
DA:46,0
DA:57,0
DA:63,0
DA:64,0
DA:75,0
DA:77,0
DA:79,0
DA:86,0
DA:90,0
DA:91,0
DA:93,0
DA:94,0
DA:95,0
DA:96,0
DA:98,0
LF:26
LH:5
BRDA:90,0,0,0
BRDA:95,1,0,0
BRF:2
BRH:0
end_of_record
TN:
SF:src\repositories\posts-repository.ts
FN:11,(anonymous_7)
FN:25,(anonymous_9)
FN:45,(anonymous_11)
FN:55,(anonymous_13)
FNF:4
FNH:0
FNDA:0,(anonymous_7)
FNDA:0,(anonymous_9)
FNDA:0,(anonymous_11)
FNDA:0,(anonymous_13)
DA:1,1
DA:5,1
DA:9,1
DA:12,0
DA:13,0
DA:22,0
DA:31,0
DA:32,0
DA:33,0
DA:40,0
DA:42,0
DA:46,0
DA:47,0
DA:48,0
DA:49,0
DA:51,0
DA:56,0
DA:57,0
LF:18
LH:3
BRDA:31,0,0,0
BRDA:31,0,1,0
BRDA:46,1,0,0
BRDA:46,1,1,0
BRF:4
BRH:0
end_of_record
TN:
SF:src\repositories\users-device-repository.ts
FN:8,(anonymous_7)
FN:13,(anonymous_9)
FN:23,(anonymous_11)
FN:26,(anonymous_13)
FN:36,(anonymous_14)
FN:45,(anonymous_16)
FN:54,(anonymous_18)
FN:66,(anonymous_20)
FN:80,(anonymous_22)
FNF:9
FNH:0
FNDA:0,(anonymous_7)
FNDA:0,(anonymous_9)
FNDA:0,(anonymous_11)
FNDA:0,(anonymous_13)
FNDA:0,(anonymous_14)
FNDA:0,(anonymous_16)
FNDA:0,(anonymous_18)
FNDA:0,(anonymous_20)
FNDA:0,(anonymous_22)
DA:2,1
DA:3,1
DA:6,1
DA:9,0
DA:10,0
DA:14,0
DA:15,0
DA:16,0
DA:17,0
DA:18,0
DA:19,0
DA:24,0
DA:25,0
DA:26,0
DA:32,0
DA:37,0
DA:38,0
DA:39,0
DA:40,0
DA:42,0
DA:46,0
DA:47,0
DA:48,0
DA:49,0
DA:51,0
DA:55,0
DA:56,0
DA:57,0
DA:58,0
DA:59,0
DA:60,0
DA:62,0
DA:67,0
DA:68,0
DA:69,0
DA:75,0
DA:77,0
DA:81,0
DA:82,0
LF:39
LH:3
BRDA:14,0,0,0
BRDA:17,1,0,0
BRDA:17,1,1,0
BRDA:24,2,0,0
BRDA:24,2,1,0
BRDA:37,3,0,0
BRDA:37,3,1,0
BRDA:37,4,0,0
BRDA:37,4,1,0
BRDA:46,5,0,0
BRDA:46,5,1,0
BRDA:46,6,0,0
BRDA:46,6,1,0
BRDA:55,7,0,0
BRDA:55,8,0,0
BRDA:55,8,1,0
BRDA:59,9,0,0
BRDA:59,9,1,0
BRDA:67,10,0,0
BRDA:67,10,1,0
BRF:20
BRH:0
end_of_record
TN:
SF:src\repositories\users-query-repository.ts
FN:7,sort
FN:11,skipped
FN:17,(anonymous_9)
FN:35,(anonymous_11)
FN:56,(anonymous_12)
FNF:5
FNH:0
FNDA:0,sort
FNDA:0,skipped
FNDA:0,(anonymous_9)
FNDA:0,(anonymous_11)
FNDA:0,(anonymous_12)
DA:4,1
DA:5,1
DA:8,0
DA:12,0
DA:15,1
DA:25,0
DA:28,0
DA:35,0
DA:36,0
DA:44,0
DA:46,0
DA:53,0
DA:57,0
DA:59,0
DA:60,0
DA:63,0
LF:16
LH:3
BRDA:8,0,0,0
BRDA:8,0,1,0
BRDA:59,1,0,0
BRF:3
BRH:0
end_of_record
TN:
SF:src\repositories\users-repository.ts
FN:12,(anonymous_7)
FN:25,(anonymous_9)
FN:34,(anonymous_11)
FN:39,(anonymous_13)
FN:51,(anonymous_15)
FN:58,(anonymous_17)
FN:66,(anonymous_19)
FN:71,(anonymous_21)
FN:76,(anonymous_23)
FN:81,(anonymous_25)
FN:89,(anonymous_27)
FNF:11
FNH:0
FNDA:0,(anonymous_7)
FNDA:0,(anonymous_9)
FNDA:0,(anonymous_11)
FNDA:0,(anonymous_13)
FNDA:0,(anonymous_15)
FNDA:0,(anonymous_17)
FNDA:0,(anonymous_19)
FNDA:0,(anonymous_21)
FNDA:0,(anonymous_23)
FNDA:0,(anonymous_25)
FNDA:0,(anonymous_27)
DA:1,1
DA:6,1
DA:11,1
DA:13,0
DA:14,0
DA:22,0
DA:26,0
DA:27,0
DA:28,0
DA:29,0
DA:31,0
DA:35,0
DA:36,0
DA:40,0
DA:41,0
DA:43,0
DA:44,0
DA:45,0
DA:46,0
DA:48,0
DA:52,0
DA:53,0
DA:54,0
DA:56,0
DA:59,0
DA:60,0
DA:61,0
DA:63,0
DA:67,0
DA:68,0
DA:72,0
DA:73,0
DA:77,0
DA:78,0
DA:82,0
DA:86,0
DA:90,0
DA:98,0
LF:38
LH:3
BRDA:26,0,0,0
BRDA:26,0,1,0
BRDA:40,1,0,0
BRDA:45,2,0,0
BRDA:53,3,0,0
BRDA:60,4,0,0
BRF:6
BRH:0
end_of_record
TN:
SF:src\routes\auth-route.ts
FN:28,(anonymous_7)
FN:28,(anonymous_8)
FN:51,(anonymous_9)
FN:51,(anonymous_10)
FN:63,(anonymous_11)
FN:63,(anonymous_12)
FN:73,(anonymous_13)
FN:73,(anonymous_14)
FN:83,(anonymous_15)
FN:83,(anonymous_16)
FN:90,(anonymous_17)
FN:90,(anonymous_18)
FN:97,(anonymous_19)
FN:97,(anonymous_20)
FN:108,(anonymous_21)
FN:108,(anonymous_22)
FN:121,(anonymous_23)
FN:121,(anonymous_24)
FNF:18
FNH:0
FNDA:0,(anonymous_7)
FNDA:0,(anonymous_8)
FNDA:0,(anonymous_9)
FNDA:0,(anonymous_10)
FNDA:0,(anonymous_11)
FNDA:0,(anonymous_12)
FNDA:0,(anonymous_13)
FNDA:0,(anonymous_14)
FNDA:0,(anonymous_15)
FNDA:0,(anonymous_16)
FNDA:0,(anonymous_17)
FNDA:0,(anonymous_18)
FNDA:0,(anonymous_19)
FNDA:0,(anonymous_20)
FNDA:0,(anonymous_21)
FNDA:0,(anonymous_22)
FNDA:0,(anonymous_23)
FNDA:0,(anonymous_24)
DA:1,1
DA:2,1
DA:6,1
DA:7,1
DA:14,1
DA:15,1
DA:16,1
DA:17,1
DA:20,1
DA:22,1
DA:28,0
DA:29,0
DA:30,0
DA:34,0
DA:35,0
DA:36,0
DA:39,0
DA:42,0
DA:47,1
DA:51,0
DA:52,0
DA:53,0
DA:54,0
DA:56,0
DA:59,1
DA:63,0
DA:64,0
DA:65,0
DA:66,0
DA:68,0
DA:71,1
DA:73,0
DA:74,0
DA:75,0
DA:76,0
DA:77,0
DA:78,0
DA:81,1
DA:83,0
DA:84,0
DA:85,0
DA:88,1
DA:90,0
DA:91,0
DA:92,0
DA:95,1
DA:97,0
DA:98,0
DA:99,0
DA:100,0
DA:103,1
DA:108,0
DA:109,0
DA:110,0
DA:111,0
DA:113,0
DA:116,1
DA:121,0
DA:122,0
DA:123,0
DA:124,0
DA:126,0
LF:62
LH:18
BRDA:34,0,0,0
BRDA:34,0,1,0
BRDA:53,1,0,0
BRDA:53,1,1,0
BRDA:65,2,0,0
BRDA:65,2,1,0
BRDA:75,3,0,0
BRDA:75,3,1,0
BRDA:99,4,0,0
BRDA:99,4,1,0
BRDA:110,5,0,0
BRDA:110,5,1,0
BRDA:123,6,0,0
BRDA:123,6,1,0
BRF:14
BRH:0
end_of_record
TN:
SF:src\routes\blogs-route.ts
FN:37,(anonymous_7)
FN:37,(anonymous_8)
FN:59,(anonymous_9)
FN:59,(anonymous_10)
FN:82,(anonymous_11)
FN:82,(anonymous_12)
FN:99,(anonymous_13)
FN:99,(anonymous_14)
FN:110,(anonymous_15)
FN:110,(anonymous_16)
FN:138,(anonymous_17)
FN:138,(anonymous_18)
FN:154,(anonymous_19)
FN:154,(anonymous_20)
FNF:14
FNH:0
FNDA:0,(anonymous_7)
FNDA:0,(anonymous_8)
FNDA:0,(anonymous_9)
FNDA:0,(anonymous_10)
FNDA:0,(anonymous_11)
FNDA:0,(anonymous_12)
FNDA:0,(anonymous_13)
FNDA:0,(anonymous_14)
FNDA:0,(anonymous_15)
FNDA:0,(anonymous_16)
FNDA:0,(anonymous_17)
FNDA:0,(anonymous_18)
FNDA:0,(anonymous_19)
FNDA:0,(anonymous_20)
DA:1,1
DA:2,1
DA:3,1
DA:13,1
DA:15,1
DA:21,1
DA:22,1
DA:23,1
DA:24,1
DA:32,1
DA:33,1
DA:37,1
DA:38,0
DA:39,0
DA:40,0
DA:41,0
DA:42,0
DA:43,0
DA:44,0
DA:45,0
DA:48,0
DA:53,1
DA:59,0
DA:60,0
DA:61,0
DA:65,0
DA:66,0
DA:69,0
DA:76,1
DA:82,0
DA:83,0
DA:84,0
DA:85,0
DA:88,0
DA:93,0
DA:99,1
DA:100,0
DA:101,0
DA:102,0
DA:105,0
DA:110,1
DA:111,0
DA:112,0
DA:113,0
DA:116,0
DA:117,0
DA:118,0
DA:119,0
DA:120,0
DA:121,0
DA:122,0
DA:123,0
DA:124,0
DA:128,0
DA:136,1
DA:138,0
DA:139,0
DA:140,0
DA:141,0
DA:143,0
DA:148,1
DA:154,0
DA:155,0
DA:160,0
DA:161,0
DA:164,0
LF:66
LH:18
BRDA:39,0,0,0
BRDA:39,0,1,0
BRDA:40,1,0,0
BRDA:40,1,1,0
BRDA:41,2,0,0
BRDA:41,2,1,0
BRDA:42,3,0,0
BRDA:42,3,1,0
BRDA:43,4,0,0
BRDA:43,4,1,0
BRDA:84,5,0,0
BRDA:84,5,1,0
BRDA:101,6,0,0
BRDA:101,6,1,0
BRDA:112,7,0,0
BRDA:112,7,1,0
BRDA:118,8,0,0
BRDA:118,8,1,0
BRDA:119,9,0,0
BRDA:119,9,1,0
BRDA:120,10,0,0
BRDA:120,10,1,0
BRDA:121,11,0,0
BRDA:121,11,1,0
BRDA:123,12,0,0
BRDA:140,13,0,0
BRDA:140,13,1,0
BRDA:160,14,0,0
BRDA:160,14,1,0
BRF:29
BRH:0
end_of_record
TN:
SF:src\routes\comments-route.ts
FN:16,(anonymous_7)
FN:16,(anonymous_8)
FN:30,(anonymous_9)
FN:30,(anonymous_10)
FN:46,(anonymous_11)
FN:46,(anonymous_12)
FNF:6
FNH:0
FNDA:0,(anonymous_7)
FNDA:0,(anonymous_8)
FNDA:0,(anonymous_9)
FNDA:0,(anonymous_10)
FNDA:0,(anonymous_11)
FNDA:0,(anonymous_12)
DA:1,1
DA:3,1
DA:4,1
DA:6,1
DA:7,1
DA:8,1
DA:9,1
DA:11,1
DA:15,1
DA:16,0
DA:17,0
DA:18,0
DA:19,0
DA:22,0
DA:27,1
DA:30,0
DA:31,0
DA:32,0
DA:33,0
DA:36,0
DA:41,1
DA:46,0
DA:47,0
DA:51,0
DA:52,0
DA:55,0
LF:26
LH:11
BRDA:18,0,0,0
BRDA:18,0,1,0
BRDA:32,1,0,0
BRDA:32,1,1,0
BRDA:51,2,0,0
BRDA:51,2,1,0
BRF:6
BRH:0
end_of_record
TN:
SF:src\routes\posts-route.ts
FN:38,(anonymous_7)
FN:38,(anonymous_8)
FN:52,(anonymous_9)
FN:52,(anonymous_10)
FN:69,(anonymous_11)
FN:69,(anonymous_12)
FN:83,(anonymous_13)
FN:83,(anonymous_14)
FN:99,(anonymous_15)
FN:99,(anonymous_16)
FN:128,(anonymous_17)
FN:128,(anonymous_18)
FN:145,(anonymous_19)
FN:145,(anonymous_20)
FNF:14
FNH:0
FNDA:0,(anonymous_7)
FNDA:0,(anonymous_8)
FNDA:0,(anonymous_9)
FNDA:0,(anonymous_10)
FNDA:0,(anonymous_11)
FNDA:0,(anonymous_12)
FNDA:0,(anonymous_13)
FNDA:0,(anonymous_14)
FNDA:0,(anonymous_15)
FNDA:0,(anonymous_16)
FNDA:0,(anonymous_17)
FNDA:0,(anonymous_18)
FNDA:0,(anonymous_19)
FNDA:0,(anonymous_20)
DA:1,1
DA:3,1
DA:4,1
DA:5,1
DA:23,1
DA:25,1
DA:29,1
DA:30,1
DA:31,1
DA:32,1
DA:33,1
DA:34,1
DA:38,1
DA:39,0
DA:40,0
DA:41,0
DA:42,0
DA:43,0
DA:44,0
DA:45,0
DA:47,0
DA:52,1
DA:53,0
DA:54,0
DA:55,0
DA:57,0
DA:62,1
DA:69,0
DA:70,0
DA:75,0
DA:79,1
DA:83,0
DA:84,0
DA:85,0
DA:86,0
DA:87,0
DA:89,0
DA:94,0
DA:98,1
DA:99,0
DA:100,0
DA:101,0
DA:102,0
DA:104,0
DA:105,0
DA:106,0
DA:107,0
DA:108,0
DA:109,0
DA:110,0
DA:111,0
DA:112,0
DA:115,0
DA:121,1
DA:128,0
DA:129,0
DA:135,0
DA:136,0
DA:138,0
DA:143,1
DA:145,0
DA:146,0
DA:147,0
DA:148,0
DA:150,0
LF:65
LH:19
BRDA:40,0,0,0
BRDA:40,0,1,0
BRDA:41,1,0,0
BRDA:41,1,1,0
BRDA:42,2,0,0
BRDA:42,2,1,0
BRDA:43,3,0,0
BRDA:43,3,1,0
BRDA:54,4,0,0
BRDA:54,4,1,0
BRDA:85,5,0,0
BRDA:101,6,0,0
BRDA:101,6,1,0
BRDA:106,7,0,0
BRDA:106,7,1,0
BRDA:107,8,0,0
BRDA:107,8,1,0
BRDA:108,9,0,0
BRDA:108,9,1,0
BRDA:109,10,0,0
BRDA:109,10,1,0
BRDA:111,11,0,0
BRDA:135,12,0,0
BRDA:135,12,1,0
BRDA:147,13,0,0
BRDA:147,13,1,0
BRF:26
BRH:0
end_of_record
TN:
SF:src\routes\security-route.ts
FN:12,(anonymous_7)
FN:12,(anonymous_8)
FN:19,(anonymous_9)
FN:19,(anonymous_10)
FN:28,(anonymous_11)
FN:28,(anonymous_12)
FNF:6
FNH:0
FNDA:0,(anonymous_7)
FNDA:0,(anonymous_8)
FNDA:0,(anonymous_9)
FNDA:0,(anonymous_10)
FNDA:0,(anonymous_11)
FNDA:0,(anonymous_12)
DA:1,1
DA:2,1
DA:3,1
DA:6,1
DA:8,1
DA:10,1
DA:12,0
DA:13,0
DA:14,0
DA:17,1
DA:19,0
DA:20,0
DA:21,0
DA:22,0
DA:25,1
DA:28,0
DA:29,0
DA:30,0
DA:31,0
DA:33,0
LF:20
LH:8
BRDA:21,0,0,0
BRDA:21,0,1,0
BRDA:30,1,0,0
BRDA:30,1,1,0
BRF:4
BRH:0
end_of_record
TN:
SF:src\routes\testing-route.ts
FN:13,(anonymous_7)
FN:13,(anonymous_8)
FNF:2
FNH:0
FNDA:0,(anonymous_7)
FNDA:0,(anonymous_8)
DA:1,1
DA:2,1
DA:3,1
DA:5,1
DA:7,1
DA:8,1
DA:10,1
DA:12,1
DA:13,0
DA:15,0
DA:16,0
DA:17,0
DA:18,0
DA:19,0
DA:20,0
DA:21,0
DA:23,0
LF:17
LH:8
BRDA:20,0,0,0
BRDA:20,0,1,0
BRDA:20,1,0,0
BRDA:20,1,1,0
BRDA:20,1,2,0
BRDA:20,1,3,0
BRDA:20,1,4,0
BRF:7
BRH:0
end_of_record
TN:
SF:src\routes\users-route.ts
FN:25,(anonymous_7)
FN:25,(anonymous_8)
FN:44,(anonymous_9)
FN:44,(anonymous_10)
FN:61,(anonymous_11)
FN:61,(anonymous_12)
FNF:6
FNH:0
FNDA:0,(anonymous_7)
FNDA:0,(anonymous_8)
FNDA:0,(anonymous_9)
FNDA:0,(anonymous_10)
FNDA:0,(anonymous_11)
FNDA:0,(anonymous_12)
DA:1,1
DA:5,1
DA:6,1
DA:7,1
DA:14,1
DA:16,1
DA:19,1
DA:25,0
DA:26,0
DA:27,0
DA:31,0
DA:32,0
DA:33,0
DA:35,0
DA:38,0
DA:42,1
DA:44,0
DA:45,0
DA:46,0
DA:47,0
DA:48,0
DA:51,0
DA:55,0
DA:59,1
DA:61,0
DA:62,0
DA:63,0
DA:64,0
DA:65,0
DA:66,0
DA:67,0
DA:68,0
DA:69,0
DA:70,0
DA:73,0
LF:35
LH:9
BRDA:32,0,0,0
BRDA:47,1,0,0
BRDA:47,1,1,0
BRDA:63,2,0,0
BRDA:63,2,1,0
BRDA:64,3,0,0
BRDA:64,3,1,0
BRDA:65,4,0,0
BRDA:65,4,1,0
BRDA:66,5,0,0
BRDA:66,5,1,0
BRDA:67,6,0,0
BRDA:67,6,1,0
BRDA:68,7,0,0
BRDA:68,7,1,0
BRF:15
BRH:0
end_of_record
TN:
SF:src\schemes\schemes.ts
FNF:0
FNH:0
DA:1,1
DA:2,1
DA:6,1
DA:30,1
DA:32,1
DA:40,1
DA:42,1
DA:51,1
DA:53,1
DA:62,1
DA:64,1
DA:72,1
LF:12
LH:12
BRF:0
BRH:0
end_of_record
